[0.059s] Invoking command in '/home/cc/ee106a/fa25/class/ee106a-abw/ros_workspaces/lab1/build/my_chatter_msgs': CMAKE_PREFIX_PATH=${CMAKE_PREFIX_PATH}:/home/cc/ee106a/fa25/class/ee106a-abw/ros_workspaces/lab1/install/chatter:/opt/ros/turtlebot3_ws/install/turtlebot3_teleop:/opt/ros/turtlebot3_ws/install/turtlebot3_example:/opt/ros/humble PS1=\h [\!] \w # /usr/bin/cmake --build /home/cc/ee106a/fa25/class/ee106a-abw/ros_workspaces/lab1/build/my_chatter_msgs -- -j32 -l32
[0.179s] [  3%] Built target my_chatter_msgs__cpp
[0.191s] [ 12%] Built target my_chatter_msgs__rosidl_generator_c
[0.270s] [ 35%] Built target my_chatter_msgs__rosidl_typesupport_cpp
[0.275s] [ 41%] Built target my_chatter_msgs__rosidl_typesupport_fastrtps_cpp
[0.275s] [ 41%] Built target my_chatter_msgs__rosidl_typesupport_introspection_cpp
[0.297s] [ 58%] Built target my_chatter_msgs__rosidl_typesupport_introspection_c
[0.298s] [ 64%] Built target my_chatter_msgs__rosidl_typesupport_c
[0.303s] [ 70%] Built target my_chatter_msgs__rosidl_typesupport_fastrtps_c
[0.310s] [ 70%] Built target ament_cmake_python_copy_my_chatter_msgs
[0.358s] [ 70%] Built target my_chatter_msgs
[0.401s] [ 74%] Built target my_chatter_msgs__py
[0.447s] [ 80%] Built target my_chatter_msgs__rosidl_generator_py
[0.513s] [ 93%] Built target my_chatter_msgs__rosidl_typesupport_c__pyext
[0.516s] [100%] Built target my_chatter_msgs__rosidl_typesupport_introspection_c__pyext
[0.517s] [100%] Built target my_chatter_msgs__rosidl_typesupport_fastrtps_c__pyext
[0.573s] running egg_info
[0.574s] writing my_chatter_msgs.egg-info/PKG-INFO
[0.578s] writing dependency_links to my_chatter_msgs.egg-info/dependency_links.txt
[0.581s] writing top-level names to my_chatter_msgs.egg-info/top_level.txt
[0.587s] reading manifest file 'my_chatter_msgs.egg-info/SOURCES.txt'
[0.588s] writing manifest file 'my_chatter_msgs.egg-info/SOURCES.txt'
[0.614s] [100%] Built target ament_cmake_python_build_my_chatter_msgs_egg
[0.647s] Invoked command in '/home/cc/ee106a/fa25/class/ee106a-abw/ros_workspaces/lab1/build/my_chatter_msgs' returned '0': CMAKE_PREFIX_PATH=${CMAKE_PREFIX_PATH}:/home/cc/ee106a/fa25/class/ee106a-abw/ros_workspaces/lab1/install/chatter:/opt/ros/turtlebot3_ws/install/turtlebot3_teleop:/opt/ros/turtlebot3_ws/install/turtlebot3_example:/opt/ros/humble PS1=\h [\!] \w # /usr/bin/cmake --build /home/cc/ee106a/fa25/class/ee106a-abw/ros_workspaces/lab1/build/my_chatter_msgs -- -j32 -l32
[0.660s] Invoking command in '/home/cc/ee106a/fa25/class/ee106a-abw/ros_workspaces/lab1/build/my_chatter_msgs': CMAKE_PREFIX_PATH=${CMAKE_PREFIX_PATH}:/home/cc/ee106a/fa25/class/ee106a-abw/ros_workspaces/lab1/install/chatter:/opt/ros/turtlebot3_ws/install/turtlebot3_teleop:/opt/ros/turtlebot3_ws/install/turtlebot3_example:/opt/ros/humble PS1=\h [\!] \w # /usr/bin/cmake --install /home/cc/ee106a/fa25/class/ee106a-abw/ros_workspaces/lab1/build/my_chatter_msgs
[0.669s] -- Install configuration: ""
[0.670s] -- Up-to-date: /home/cc/ee106a/fa25/class/ee106a-abw/ros_workspaces/lab1/install/my_chatter_msgs/share/ament_index/resource_index/rosidl_interfaces/my_chatter_msgs
[0.671s] -- Up-to-date: /home/cc/ee106a/fa25/class/ee106a-abw/ros_workspaces/lab1/install/my_chatter_msgs/include/my_chatter_msgs/my_chatter_msgs
[0.673s] -- Up-to-date: /home/cc/ee106a/fa25/class/ee106a-abw/ros_workspaces/lab1/install/my_chatter_msgs/include/my_chatter_msgs/my_chatter_msgs/msg
[0.674s] -- Up-to-date: /home/cc/ee106a/fa25/class/ee106a-abw/ros_workspaces/lab1/install/my_chatter_msgs/include/my_chatter_msgs/my_chatter_msgs/msg/timestamp_string.h
[0.675s] -- Up-to-date: /home/cc/ee106a/fa25/class/ee106a-abw/ros_workspaces/lab1/install/my_chatter_msgs/include/my_chatter_msgs/my_chatter_msgs/msg/rosidl_generator_c__visibility_control.h
[0.676s] -- Up-to-date: /home/cc/ee106a/fa25/class/ee106a-abw/ros_workspaces/lab1/install/my_chatter_msgs/include/my_chatter_msgs/my_chatter_msgs/msg/detail
[0.677s] -- Up-to-date: /home/cc/ee106a/fa25/class/ee106a-abw/ros_workspaces/lab1/install/my_chatter_msgs/include/my_chatter_msgs/my_chatter_msgs/msg/detail/timestamp_string__functions.c
[0.677s] -- Up-to-date: /home/cc/ee106a/fa25/class/ee106a-abw/ros_workspaces/lab1/install/my_chatter_msgs/include/my_chatter_msgs/my_chatter_msgs/msg/detail/timestamp_string__functions.h
[0.678s] -- Up-to-date: /home/cc/ee106a/fa25/class/ee106a-abw/ros_workspaces/lab1/install/my_chatter_msgs/include/my_chatter_msgs/my_chatter_msgs/msg/detail/timestamp_string__struct.h
[0.679s] -- Up-to-date: /home/cc/ee106a/fa25/class/ee106a-abw/ros_workspaces/lab1/install/my_chatter_msgs/include/my_chatter_msgs/my_chatter_msgs/msg/detail/timestamp_string__type_support.h
[0.680s] -- Up-to-date: /home/cc/ee106a/fa25/class/ee106a-abw/ros_workspaces/lab1/install/my_chatter_msgs/share/my_chatter_msgs/environment/library_path.sh
[0.681s] -- Up-to-date: /home/cc/ee106a/fa25/class/ee106a-abw/ros_workspaces/lab1/install/my_chatter_msgs/share/my_chatter_msgs/environment/library_path.dsv
[0.683s] -- Up-to-date: /home/cc/ee106a/fa25/class/ee106a-abw/ros_workspaces/lab1/install/my_chatter_msgs/lib/libmy_chatter_msgs__rosidl_generator_c.so
[0.686s] -- Up-to-date: /home/cc/ee106a/fa25/class/ee106a-abw/ros_workspaces/lab1/install/my_chatter_msgs/include/my_chatter_msgs/my_chatter_msgs
[0.687s] -- Up-to-date: /home/cc/ee106a/fa25/class/ee106a-abw/ros_workspaces/lab1/install/my_chatter_msgs/include/my_chatter_msgs/my_chatter_msgs/msg
[0.688s] -- Up-to-date: /home/cc/ee106a/fa25/class/ee106a-abw/ros_workspaces/lab1/install/my_chatter_msgs/include/my_chatter_msgs/my_chatter_msgs/msg/detail
[0.690s] -- Up-to-date: /home/cc/ee106a/fa25/class/ee106a-abw/ros_workspaces/lab1/install/my_chatter_msgs/include/my_chatter_msgs/my_chatter_msgs/msg/detail/timestamp_string__rosidl_typesupport_fastrtps_c.h
[0.690s] -- Up-to-date: /home/cc/ee106a/fa25/class/ee106a-abw/ros_workspaces/lab1/install/my_chatter_msgs/include/my_chatter_msgs/my_chatter_msgs/msg/rosidl_typesupport_fastrtps_c__visibility_control.h
[0.692s] -- Up-to-date: /home/cc/ee106a/fa25/class/ee106a-abw/ros_workspaces/lab1/install/my_chatter_msgs/lib/libmy_chatter_msgs__rosidl_typesupport_fastrtps_c.so
[0.696s] -- Up-to-date: /home/cc/ee106a/fa25/class/ee106a-abw/ros_workspaces/lab1/install/my_chatter_msgs/include/my_chatter_msgs/my_chatter_msgs
[0.697s] -- Up-to-date: /home/cc/ee106a/fa25/class/ee106a-abw/ros_workspaces/lab1/install/my_chatter_msgs/include/my_chatter_msgs/my_chatter_msgs/msg
[0.698s] -- Up-to-date: /home/cc/ee106a/fa25/class/ee106a-abw/ros_workspaces/lab1/install/my_chatter_msgs/include/my_chatter_msgs/my_chatter_msgs/msg/detail
[0.700s] -- Up-to-date: /home/cc/ee106a/fa25/class/ee106a-abw/ros_workspaces/lab1/install/my_chatter_msgs/include/my_chatter_msgs/my_chatter_msgs/msg/detail/timestamp_string__rosidl_typesupport_introspection_c.h
[0.700s] -- Up-to-date: /home/cc/ee106a/fa25/class/ee106a-abw/ros_workspaces/lab1/install/my_chatter_msgs/include/my_chatter_msgs/my_chatter_msgs/msg/detail/timestamp_string__type_support.c
[0.701s] -- Up-to-date: /home/cc/ee106a/fa25/class/ee106a-abw/ros_workspaces/lab1/install/my_chatter_msgs/include/my_chatter_msgs/my_chatter_msgs/msg/rosidl_typesupport_introspection_c__visibility_control.h
[0.703s] -- Up-to-date: /home/cc/ee106a/fa25/class/ee106a-abw/ros_workspaces/lab1/install/my_chatter_msgs/lib/libmy_chatter_msgs__rosidl_typesupport_introspection_c.so
[0.706s] -- Up-to-date: /home/cc/ee106a/fa25/class/ee106a-abw/ros_workspaces/lab1/install/my_chatter_msgs/lib/libmy_chatter_msgs__rosidl_typesupport_c.so
[0.709s] -- Up-to-date: /home/cc/ee106a/fa25/class/ee106a-abw/ros_workspaces/lab1/install/my_chatter_msgs/include/my_chatter_msgs/my_chatter_msgs
[0.710s] -- Up-to-date: /home/cc/ee106a/fa25/class/ee106a-abw/ros_workspaces/lab1/install/my_chatter_msgs/include/my_chatter_msgs/my_chatter_msgs/msg
[0.712s] -- Up-to-date: /home/cc/ee106a/fa25/class/ee106a-abw/ros_workspaces/lab1/install/my_chatter_msgs/include/my_chatter_msgs/my_chatter_msgs/msg/timestamp_string.hpp
[0.713s] -- Up-to-date: /home/cc/ee106a/fa25/class/ee106a-abw/ros_workspaces/lab1/install/my_chatter_msgs/include/my_chatter_msgs/my_chatter_msgs/msg/rosidl_generator_cpp__visibility_control.hpp
[0.720s] -- Up-to-date: /home/cc/ee106a/fa25/class/ee106a-abw/ros_workspaces/lab1/install/my_chatter_msgs/include/my_chatter_msgs/my_chatter_msgs/msg/detail
[0.720s] -- Up-to-date: /home/cc/ee106a/fa25/class/ee106a-abw/ros_workspaces/lab1/install/my_chatter_msgs/include/my_chatter_msgs/my_chatter_msgs/msg/detail/timestamp_string__builder.hpp
[0.720s] -- Up-to-date: /home/cc/ee106a/fa25/class/ee106a-abw/ros_workspaces/lab1/install/my_chatter_msgs/include/my_chatter_msgs/my_chatter_msgs/msg/detail/timestamp_string__struct.hpp
[0.720s] -- Up-to-date: /home/cc/ee106a/fa25/class/ee106a-abw/ros_workspaces/lab1/install/my_chatter_msgs/include/my_chatter_msgs/my_chatter_msgs/msg/detail/timestamp_string__traits.hpp
[0.720s] -- Up-to-date: /home/cc/ee106a/fa25/class/ee106a-abw/ros_workspaces/lab1/install/my_chatter_msgs/include/my_chatter_msgs/my_chatter_msgs/msg/detail/timestamp_string__type_support.hpp
[0.720s] -- Up-to-date: /home/cc/ee106a/fa25/class/ee106a-abw/ros_workspaces/lab1/install/my_chatter_msgs/include/my_chatter_msgs/my_chatter_msgs
[0.720s] -- Up-to-date: /home/cc/ee106a/fa25/class/ee106a-abw/ros_workspaces/lab1/install/my_chatter_msgs/include/my_chatter_msgs/my_chatter_msgs/msg
[0.721s] -- Up-to-date: /home/cc/ee106a/fa25/class/ee106a-abw/ros_workspaces/lab1/install/my_chatter_msgs/include/my_chatter_msgs/my_chatter_msgs/msg/detail
[0.722s] -- Up-to-date: /home/cc/ee106a/fa25/class/ee106a-abw/ros_workspaces/lab1/install/my_chatter_msgs/include/my_chatter_msgs/my_chatter_msgs/msg/detail/timestamp_string__rosidl_typesupport_fastrtps_cpp.hpp
[0.723s] -- Up-to-date: /home/cc/ee106a/fa25/class/ee106a-abw/ros_workspaces/lab1/install/my_chatter_msgs/include/my_chatter_msgs/my_chatter_msgs/msg/detail/dds_fastrtps
[0.724s] -- Up-to-date: /home/cc/ee106a/fa25/class/ee106a-abw/ros_workspaces/lab1/install/my_chatter_msgs/include/my_chatter_msgs/my_chatter_msgs/msg/rosidl_typesupport_fastrtps_cpp__visibility_control.h
[0.727s] -- Up-to-date: /home/cc/ee106a/fa25/class/ee106a-abw/ros_workspaces/lab1/install/my_chatter_msgs/lib/libmy_chatter_msgs__rosidl_typesupport_fastrtps_cpp.so
[0.730s] -- Up-to-date: /home/cc/ee106a/fa25/class/ee106a-abw/ros_workspaces/lab1/install/my_chatter_msgs/include/my_chatter_msgs/my_chatter_msgs
[0.731s] -- Up-to-date: /home/cc/ee106a/fa25/class/ee106a-abw/ros_workspaces/lab1/install/my_chatter_msgs/include/my_chatter_msgs/my_chatter_msgs/msg
[0.733s] -- Up-to-date: /home/cc/ee106a/fa25/class/ee106a-abw/ros_workspaces/lab1/install/my_chatter_msgs/include/my_chatter_msgs/my_chatter_msgs/msg/detail
[0.734s] -- Up-to-date: /home/cc/ee106a/fa25/class/ee106a-abw/ros_workspaces/lab1/install/my_chatter_msgs/include/my_chatter_msgs/my_chatter_msgs/msg/detail/timestamp_string__rosidl_typesupport_introspection_cpp.hpp
[0.735s] -- Up-to-date: /home/cc/ee106a/fa25/class/ee106a-abw/ros_workspaces/lab1/install/my_chatter_msgs/include/my_chatter_msgs/my_chatter_msgs/msg/detail/timestamp_string__type_support.cpp
[0.738s] -- Up-to-date: /home/cc/ee106a/fa25/class/ee106a-abw/ros_workspaces/lab1/install/my_chatter_msgs/lib/libmy_chatter_msgs__rosidl_typesupport_introspection_cpp.so
[0.743s] -- Up-to-date: /home/cc/ee106a/fa25/class/ee106a-abw/ros_workspaces/lab1/install/my_chatter_msgs/lib/libmy_chatter_msgs__rosidl_typesupport_cpp.so
[0.746s] -- Up-to-date: /home/cc/ee106a/fa25/class/ee106a-abw/ros_workspaces/lab1/install/my_chatter_msgs/share/my_chatter_msgs/environment/pythonpath.sh
[0.747s] -- Up-to-date: /home/cc/ee106a/fa25/class/ee106a-abw/ros_workspaces/lab1/install/my_chatter_msgs/share/my_chatter_msgs/environment/pythonpath.dsv
[0.748s] -- Up-to-date: /home/cc/ee106a/fa25/class/ee106a-abw/ros_workspaces/lab1/install/my_chatter_msgs/local/lib/python3.10/dist-packages/my_chatter_msgs-0.0.0-py3.10.egg-info
[0.749s] -- Installing: /home/cc/ee106a/fa25/class/ee106a-abw/ros_workspaces/lab1/install/my_chatter_msgs/local/lib/python3.10/dist-packages/my_chatter_msgs-0.0.0-py3.10.egg-info/PKG-INFO
[0.755s] -- Installing: /home/cc/ee106a/fa25/class/ee106a-abw/ros_workspaces/lab1/install/my_chatter_msgs/local/lib/python3.10/dist-packages/my_chatter_msgs-0.0.0-py3.10.egg-info/dependency_links.txt
[0.761s] -- Installing: /home/cc/ee106a/fa25/class/ee106a-abw/ros_workspaces/lab1/install/my_chatter_msgs/local/lib/python3.10/dist-packages/my_chatter_msgs-0.0.0-py3.10.egg-info/top_level.txt
[0.767s] -- Installing: /home/cc/ee106a/fa25/class/ee106a-abw/ros_workspaces/lab1/install/my_chatter_msgs/local/lib/python3.10/dist-packages/my_chatter_msgs-0.0.0-py3.10.egg-info/SOURCES.txt
[0.773s] -- Up-to-date: /home/cc/ee106a/fa25/class/ee106a-abw/ros_workspaces/lab1/install/my_chatter_msgs/local/lib/python3.10/dist-packages/my_chatter_msgs
[0.774s] -- Up-to-date: /home/cc/ee106a/fa25/class/ee106a-abw/ros_workspaces/lab1/install/my_chatter_msgs/local/lib/python3.10/dist-packages/my_chatter_msgs/__init__.py
[0.775s] -- Up-to-date: /home/cc/ee106a/fa25/class/ee106a-abw/ros_workspaces/lab1/install/my_chatter_msgs/local/lib/python3.10/dist-packages/my_chatter_msgs/msg
[0.776s] -- Up-to-date: /home/cc/ee106a/fa25/class/ee106a-abw/ros_workspaces/lab1/install/my_chatter_msgs/local/lib/python3.10/dist-packages/my_chatter_msgs/msg/_timestamp_string.py
[0.777s] -- Up-to-date: /home/cc/ee106a/fa25/class/ee106a-abw/ros_workspaces/lab1/install/my_chatter_msgs/local/lib/python3.10/dist-packages/my_chatter_msgs/msg/_timestamp_string_s.c
[0.778s] -- Up-to-date: /home/cc/ee106a/fa25/class/ee106a-abw/ros_workspaces/lab1/install/my_chatter_msgs/local/lib/python3.10/dist-packages/my_chatter_msgs/msg/__init__.py
[0.779s] -- Up-to-date: /home/cc/ee106a/fa25/class/ee106a-abw/ros_workspaces/lab1/install/my_chatter_msgs/local/lib/python3.10/dist-packages/my_chatter_msgs/_my_chatter_msgs_s.ep.rosidl_typesupport_fastrtps_c.c
[0.780s] -- Up-to-date: /home/cc/ee106a/fa25/class/ee106a-abw/ros_workspaces/lab1/install/my_chatter_msgs/local/lib/python3.10/dist-packages/my_chatter_msgs/_my_chatter_msgs_s.ep.rosidl_typesupport_introspection_c.c
[0.781s] -- Up-to-date: /home/cc/ee106a/fa25/class/ee106a-abw/ros_workspaces/lab1/install/my_chatter_msgs/local/lib/python3.10/dist-packages/my_chatter_msgs/_my_chatter_msgs_s.ep.rosidl_typesupport_c.c
[0.782s] -- Up-to-date: /home/cc/ee106a/fa25/class/ee106a-abw/ros_workspaces/lab1/install/my_chatter_msgs/local/lib/python3.10/dist-packages/my_chatter_msgs/libmy_chatter_msgs__rosidl_generator_py.so
[0.782s] -- Up-to-date: /home/cc/ee106a/fa25/class/ee106a-abw/ros_workspaces/lab1/install/my_chatter_msgs/local/lib/python3.10/dist-packages/my_chatter_msgs/my_chatter_msgs_s__rosidl_typesupport_c.cpython-310-x86_64-linux-gnu.so
[0.783s] -- Up-to-date: /home/cc/ee106a/fa25/class/ee106a-abw/ros_workspaces/lab1/install/my_chatter_msgs/local/lib/python3.10/dist-packages/my_chatter_msgs/my_chatter_msgs_s__rosidl_typesupport_fastrtps_c.cpython-310-x86_64-linux-gnu.so
[0.784s] -- Up-to-date: /home/cc/ee106a/fa25/class/ee106a-abw/ros_workspaces/lab1/install/my_chatter_msgs/local/lib/python3.10/dist-packages/my_chatter_msgs/my_chatter_msgs_s__rosidl_typesupport_introspection_c.cpython-310-x86_64-linux-gnu.so
[0.815s] Listing '/home/cc/ee106a/fa25/class/ee106a-abw/ros_workspaces/lab1/install/my_chatter_msgs/local/lib/python3.10/dist-packages/my_chatter_msgs'...
[0.815s] Listing '/home/cc/ee106a/fa25/class/ee106a-abw/ros_workspaces/lab1/install/my_chatter_msgs/local/lib/python3.10/dist-packages/my_chatter_msgs/msg'...
[0.819s] -- Up-to-date: /home/cc/ee106a/fa25/class/ee106a-abw/ros_workspaces/lab1/install/my_chatter_msgs/local/lib/python3.10/dist-packages/my_chatter_msgs/my_chatter_msgs_s__rosidl_typesupport_fastrtps_c.cpython-310-x86_64-linux-gnu.so
[0.824s] -- Up-to-date: /home/cc/ee106a/fa25/class/ee106a-abw/ros_workspaces/lab1/install/my_chatter_msgs/local/lib/python3.10/dist-packages/my_chatter_msgs/my_chatter_msgs_s__rosidl_typesupport_introspection_c.cpython-310-x86_64-linux-gnu.so
[0.829s] -- Up-to-date: /home/cc/ee106a/fa25/class/ee106a-abw/ros_workspaces/lab1/install/my_chatter_msgs/local/lib/python3.10/dist-packages/my_chatter_msgs/my_chatter_msgs_s__rosidl_typesupport_c.cpython-310-x86_64-linux-gnu.so
[0.833s] -- Up-to-date: /home/cc/ee106a/fa25/class/ee106a-abw/ros_workspaces/lab1/install/my_chatter_msgs/lib/libmy_chatter_msgs__rosidl_generator_py.so
[0.836s] -- Up-to-date: /home/cc/ee106a/fa25/class/ee106a-abw/ros_workspaces/lab1/install/my_chatter_msgs/share/my_chatter_msgs/msg/TimestampString.idl
[0.837s] -- Up-to-date: /home/cc/ee106a/fa25/class/ee106a-abw/ros_workspaces/lab1/install/my_chatter_msgs/share/my_chatter_msgs/msg/TimestampString.msg
[0.838s] -- Up-to-date: /home/cc/ee106a/fa25/class/ee106a-abw/ros_workspaces/lab1/install/my_chatter_msgs/share/ament_index/resource_index/package_run_dependencies/my_chatter_msgs
[0.839s] -- Up-to-date: /home/cc/ee106a/fa25/class/ee106a-abw/ros_workspaces/lab1/install/my_chatter_msgs/share/ament_index/resource_index/parent_prefix_path/my_chatter_msgs
[0.840s] -- Up-to-date: /home/cc/ee106a/fa25/class/ee106a-abw/ros_workspaces/lab1/install/my_chatter_msgs/share/my_chatter_msgs/environment/ament_prefix_path.sh
[0.841s] -- Up-to-date: /home/cc/ee106a/fa25/class/ee106a-abw/ros_workspaces/lab1/install/my_chatter_msgs/share/my_chatter_msgs/environment/ament_prefix_path.dsv
[0.842s] -- Up-to-date: /home/cc/ee106a/fa25/class/ee106a-abw/ros_workspaces/lab1/install/my_chatter_msgs/share/my_chatter_msgs/environment/path.sh
[0.843s] -- Up-to-date: /home/cc/ee106a/fa25/class/ee106a-abw/ros_workspaces/lab1/install/my_chatter_msgs/share/my_chatter_msgs/environment/path.dsv
[0.844s] -- Up-to-date: /home/cc/ee106a/fa25/class/ee106a-abw/ros_workspaces/lab1/install/my_chatter_msgs/share/my_chatter_msgs/local_setup.bash
[0.844s] -- Up-to-date: /home/cc/ee106a/fa25/class/ee106a-abw/ros_workspaces/lab1/install/my_chatter_msgs/share/my_chatter_msgs/local_setup.sh
[0.845s] -- Up-to-date: /home/cc/ee106a/fa25/class/ee106a-abw/ros_workspaces/lab1/install/my_chatter_msgs/share/my_chatter_msgs/local_setup.zsh
[0.846s] -- Up-to-date: /home/cc/ee106a/fa25/class/ee106a-abw/ros_workspaces/lab1/install/my_chatter_msgs/share/my_chatter_msgs/local_setup.dsv
[0.847s] -- Installing: /home/cc/ee106a/fa25/class/ee106a-abw/ros_workspaces/lab1/install/my_chatter_msgs/share/my_chatter_msgs/package.dsv
[0.853s] -- Up-to-date: /home/cc/ee106a/fa25/class/ee106a-abw/ros_workspaces/lab1/install/my_chatter_msgs/share/ament_index/resource_index/packages/my_chatter_msgs
[0.858s] -- Up-to-date: /home/cc/ee106a/fa25/class/ee106a-abw/ros_workspaces/lab1/install/my_chatter_msgs/share/my_chatter_msgs/cmake/export_my_chatter_msgs__rosidl_generator_cExport.cmake
[0.859s] -- Up-to-date: /home/cc/ee106a/fa25/class/ee106a-abw/ros_workspaces/lab1/install/my_chatter_msgs/share/my_chatter_msgs/cmake/export_my_chatter_msgs__rosidl_generator_cExport-noconfig.cmake
[0.862s] -- Up-to-date: /home/cc/ee106a/fa25/class/ee106a-abw/ros_workspaces/lab1/install/my_chatter_msgs/share/my_chatter_msgs/cmake/export_my_chatter_msgs__rosidl_typesupport_fastrtps_cExport.cmake
[0.863s] -- Up-to-date: /home/cc/ee106a/fa25/class/ee106a-abw/ros_workspaces/lab1/install/my_chatter_msgs/share/my_chatter_msgs/cmake/export_my_chatter_msgs__rosidl_typesupport_fastrtps_cExport-noconfig.cmake
[0.866s] -- Up-to-date: /home/cc/ee106a/fa25/class/ee106a-abw/ros_workspaces/lab1/install/my_chatter_msgs/share/my_chatter_msgs/cmake/my_chatter_msgs__rosidl_typesupport_introspection_cExport.cmake
[0.867s] -- Up-to-date: /home/cc/ee106a/fa25/class/ee106a-abw/ros_workspaces/lab1/install/my_chatter_msgs/share/my_chatter_msgs/cmake/my_chatter_msgs__rosidl_typesupport_introspection_cExport-noconfig.cmake
[0.870s] -- Up-to-date: /home/cc/ee106a/fa25/class/ee106a-abw/ros_workspaces/lab1/install/my_chatter_msgs/share/my_chatter_msgs/cmake/my_chatter_msgs__rosidl_typesupport_cExport.cmake
[0.871s] -- Up-to-date: /home/cc/ee106a/fa25/class/ee106a-abw/ros_workspaces/lab1/install/my_chatter_msgs/share/my_chatter_msgs/cmake/my_chatter_msgs__rosidl_typesupport_cExport-noconfig.cmake
[0.874s] -- Up-to-date: /home/cc/ee106a/fa25/class/ee106a-abw/ros_workspaces/lab1/install/my_chatter_msgs/share/my_chatter_msgs/cmake/export_my_chatter_msgs__rosidl_generator_cppExport.cmake
[0.877s] -- Up-to-date: /home/cc/ee106a/fa25/class/ee106a-abw/ros_workspaces/lab1/install/my_chatter_msgs/share/my_chatter_msgs/cmake/export_my_chatter_msgs__rosidl_typesupport_fastrtps_cppExport.cmake
[0.878s] -- Up-to-date: /home/cc/ee106a/fa25/class/ee106a-abw/ros_workspaces/lab1/install/my_chatter_msgs/share/my_chatter_msgs/cmake/export_my_chatter_msgs__rosidl_typesupport_fastrtps_cppExport-noconfig.cmake
[0.881s] -- Up-to-date: /home/cc/ee106a/fa25/class/ee106a-abw/ros_workspaces/lab1/install/my_chatter_msgs/share/my_chatter_msgs/cmake/my_chatter_msgs__rosidl_typesupport_introspection_cppExport.cmake
[0.882s] -- Up-to-date: /home/cc/ee106a/fa25/class/ee106a-abw/ros_workspaces/lab1/install/my_chatter_msgs/share/my_chatter_msgs/cmake/my_chatter_msgs__rosidl_typesupport_introspection_cppExport-noconfig.cmake
[0.885s] -- Up-to-date: /home/cc/ee106a/fa25/class/ee106a-abw/ros_workspaces/lab1/install/my_chatter_msgs/share/my_chatter_msgs/cmake/my_chatter_msgs__rosidl_typesupport_cppExport.cmake
[0.886s] -- Up-to-date: /home/cc/ee106a/fa25/class/ee106a-abw/ros_workspaces/lab1/install/my_chatter_msgs/share/my_chatter_msgs/cmake/my_chatter_msgs__rosidl_typesupport_cppExport-noconfig.cmake
[0.889s] -- Up-to-date: /home/cc/ee106a/fa25/class/ee106a-abw/ros_workspaces/lab1/install/my_chatter_msgs/share/my_chatter_msgs/cmake/export_my_chatter_msgs__rosidl_generator_pyExport.cmake
[0.890s] -- Up-to-date: /home/cc/ee106a/fa25/class/ee106a-abw/ros_workspaces/lab1/install/my_chatter_msgs/share/my_chatter_msgs/cmake/export_my_chatter_msgs__rosidl_generator_pyExport-noconfig.cmake
[0.891s] -- Up-to-date: /home/cc/ee106a/fa25/class/ee106a-abw/ros_workspaces/lab1/install/my_chatter_msgs/share/my_chatter_msgs/cmake/rosidl_cmake-extras.cmake
[0.892s] -- Up-to-date: /home/cc/ee106a/fa25/class/ee106a-abw/ros_workspaces/lab1/install/my_chatter_msgs/share/my_chatter_msgs/cmake/ament_cmake_export_include_directories-extras.cmake
[0.893s] -- Up-to-date: /home/cc/ee106a/fa25/class/ee106a-abw/ros_workspaces/lab1/install/my_chatter_msgs/share/my_chatter_msgs/cmake/ament_cmake_export_libraries-extras.cmake
[0.894s] -- Up-to-date: /home/cc/ee106a/fa25/class/ee106a-abw/ros_workspaces/lab1/install/my_chatter_msgs/share/my_chatter_msgs/cmake/ament_cmake_export_targets-extras.cmake
[0.894s] -- Up-to-date: /home/cc/ee106a/fa25/class/ee106a-abw/ros_workspaces/lab1/install/my_chatter_msgs/share/my_chatter_msgs/cmake/rosidl_cmake_export_typesupport_targets-extras.cmake
[0.895s] -- Up-to-date: /home/cc/ee106a/fa25/class/ee106a-abw/ros_workspaces/lab1/install/my_chatter_msgs/share/my_chatter_msgs/cmake/ament_cmake_export_dependencies-extras.cmake
[0.897s] -- Up-to-date: /home/cc/ee106a/fa25/class/ee106a-abw/ros_workspaces/lab1/install/my_chatter_msgs/share/my_chatter_msgs/cmake/rosidl_cmake_export_typesupport_libraries-extras.cmake
[0.897s] -- Up-to-date: /home/cc/ee106a/fa25/class/ee106a-abw/ros_workspaces/lab1/install/my_chatter_msgs/share/my_chatter_msgs/cmake/my_chatter_msgsConfig.cmake
[0.897s] -- Up-to-date: /home/cc/ee106a/fa25/class/ee106a-abw/ros_workspaces/lab1/install/my_chatter_msgs/share/my_chatter_msgs/cmake/my_chatter_msgsConfig-version.cmake
[0.899s] -- Up-to-date: /home/cc/ee106a/fa25/class/ee106a-abw/ros_workspaces/lab1/install/my_chatter_msgs/share/my_chatter_msgs/package.xml
[0.904s] Invoked command in '/home/cc/ee106a/fa25/class/ee106a-abw/ros_workspaces/lab1/build/my_chatter_msgs' returned '0': CMAKE_PREFIX_PATH=${CMAKE_PREFIX_PATH}:/home/cc/ee106a/fa25/class/ee106a-abw/ros_workspaces/lab1/install/chatter:/opt/ros/turtlebot3_ws/install/turtlebot3_teleop:/opt/ros/turtlebot3_ws/install/turtlebot3_example:/opt/ros/humble PS1=\h [\!] \w # /usr/bin/cmake --install /home/cc/ee106a/fa25/class/ee106a-abw/ros_workspaces/lab1/build/my_chatter_msgs
