[0.000000] (-) TimerEvent: {}
[0.000531] (bar) JobQueued: {'identifier': 'bar', 'dependencies': OrderedDict()}
[0.000565] (foo) JobQueued: {'identifier': 'foo', 'dependencies': OrderedDict()}
[0.000591] (bar) JobStarted: {'identifier': 'bar'}
[0.024560] (foo) JobStarted: {'identifier': 'foo'}
[0.099203] (-) TimerEvent: {}
[0.199396] (-) TimerEvent: {}
[0.299670] (-) TimerEvent: {}
[0.400046] (-) TimerEvent: {}
[0.500289] (-) TimerEvent: {}
[0.600709] (-) TimerEvent: {}
[0.701036] (-) TimerEvent: {}
[0.801377] (-) TimerEvent: {}
[0.901669] (-) TimerEvent: {}
[0.961111] (foo) Command: {'cmd': ['/usr/bin/python3', '-W', 'ignore:setup.py install is deprecated', '-W', 'ignore:easy_install command is deprecated', 'setup.py', 'egg_info', '--egg-base', '../../build/foo', 'build', '--build-base', '/home/cc/ee106a/fa25/class/ee106a-abw/ros_workspaces/lab0/build/foo/build', 'install', '--record', '/home/cc/ee106a/fa25/class/ee106a-abw/ros_workspaces/lab0/build/foo/install.log', '--single-version-externally-managed', 'install_data'], 'cwd': '/home/cc/ee106a/fa25/class/ee106a-abw/ros_workspaces/lab0/src/foo', 'env': {'ARCH': 'x86_64', 'QT_SCALE_FACTOR': '1', 'USER': 'ee106a-abw', 'HOSTNAME': 'ros2', 'XDG_SESSION_TYPE': 'x11', 'MASTERDIR': '/home/ff/ee106a', 'COMPIZ_CONFIG_PROFILE': 'mate', 'XDG_CACHE_HOME': '/home/cc/ee106a/fa25/class/ee106a-abw/.cache', 'SHLVL': '2', 'LD_LIBRARY_PATH': '/opt/ros/turtlebot3_ws/install/turtlebot3_msgs/lib:/opt/ros/turtlebot3_ws/install/dynamixel_sdk_custom_interfaces/lib:/opt/ros/turtlebot3_ws/install/dynamixel_sdk/lib:/usr/lib/x86_64-linux-gnu/gazebo-11/plugins:/opt/ros/humble/opt/rviz_ogre_vendor/lib:/opt/ros/humble/lib/x86_64-linux-gnu:/opt/ros/humble/lib', 'HOME': '/home/cc/ee106a/fa25/class/ee106a-abw', 'OLDPWD': '/home/cc/ee106a/fa25/class/ee106a-abw/ros_workspaces/lab0/src', 'DESKTOP_SESSION': 'mate', 'ROS_PYTHON_VERSION': '3', 'GTK_MODULES': 'gail:atk-bridge:appmenu-gtk-module:gail:atk-bridge:canberra-gtk-module', 'PS1': '\\h [\\!] \\w #', 'DISTROBOX_ENTER_PATH': '/usr/local/bin/distrobox-enter', 'SYSTEMD_EXEC_PID': '141643', 'NNTPSERVER': 'news.csua.berkeley.edu', 'VISUAL': 'emacs', 'XDG_STATE_HOME': '/home/cc/ee106a/fa25/class/ee106a-abw/.local/state', 'DBUS_SESSION_BUS_ADDRESS': 'unix:path=/run/user/90048/bus', 'COLORTERM': 'truecolor', 'container': 'podman', 'UBUNTU_MENUPROXY': '1', 'QT_QPA_PLATFORMTHEME': 'gtk2', 'COLCON_PREFIX_PATH': '/opt/ros/turtlebot3_ws/install', 'ROS_DISTRO': 'humble', 'GTK_IM_MODULE': 'ibus', 'LOGNAME': 'ee106a-abw', 'MASTER': 'ee106a', 'WINDOWID': '35654465', '_': '/usr/bin/colcon', 'ROS_VERSION': '2', 'XDG_SESSION_CLASS': 'user', 'TERMINFO_DIRS': '/usr/share/terminfo:/run/host/usr/share/terminfo', 'USERNAME': 'ee106a-abw', 'TERM': 'xterm-256color', 'GTK_OVERLAY_SCROLLING': '0', 'XDG_SESSION_ID': '3230', 'ROS_LOCALHOST_ONLY': '0', 'WINDOWPATH': '2', 'PATH': '/opt/ros/humble/bin:/share/b/grading/bin:/home/ff/ee106a/bin:/home/ff/ee106a/bin/arch/x86_64:/share/b/grading/bin:/home/ff/ee106a/bin:/home/ff/ee106a/bin/arch/x86_64:/usr/local/sbin:/usr/local/bin:/usr/sbin:/usr/bin:/sbin:/bin:/usr/games:/usr/local/games:/snap/bin:/snap/bin:/share/b/grading/bin:/share/b/grading/sbin:/share/b/runas/x86_64:/share/b/bin:/usr/local/sbin:/usr/local/bin:/usr/sbin:/usr/bin:/sbin:/bin:/share/b/grading/bin:/share/b/grading/sbin:/share/b/runas/x86_64:/share/b/bin', 'SESSION_MANAGER': 'local/c105-1:@/tmp/.ICE-unix/141752,unix/c105-1:/tmp/.ICE-unix/141752', 'OS': 'Linux', 'XDG_RUNTIME_DIR': '/run/user/90048', 'DISPLAY': ':1', 'LANG': 'en_US.UTF-8', 'XDG_CURRENT_DESKTOP': 'MATE', 'XDG_DATA_HOME': '/home/cc/ee106a/fa25/class/ee106a-abw/.local/share', 'XDG_CONFIG_HOME': '/home/cc/ee106a/fa25/class/ee106a-abw/.config', 'XMODIFIERS': '@im=ibus', 'XDG_SESSION_DESKTOP': 'mate', 'XAUTHORITY': '/run/user/90048/gdm/Xauthority', 'SSH_AUTH_SOCK': '/run/user/90048/keyring/ssh', 'ROS_DOMAIN_ID': '21', 'AMENT_PREFIX_PATH': '/opt/ros/turtlebot3_ws/install/turtlebot3:/opt/ros/turtlebot3_ws/install/turtlebot3_teleop:/opt/ros/turtlebot3_ws/install/turtlebot3_bringup:/opt/ros/turtlebot3_ws/install/turtlebot3_node:/opt/ros/turtlebot3_ws/install/turtlebot3_navigation2:/opt/ros/turtlebot3_ws/install/turtlebot3_example:/opt/ros/turtlebot3_ws/install/turtlebot3_msgs:/opt/ros/turtlebot3_ws/install/turtlebot3_description:/opt/ros/turtlebot3_ws/install/turtlebot3_cartographer:/opt/ros/turtlebot3_ws/install/dynamixel_sdk_examples:/opt/ros/turtlebot3_ws/install/dynamixel_sdk_custom_interfaces:/opt/ros/turtlebot3_ws/install/dynamixel_sdk:/opt/ros/humble', 'SHELL': '/usr/bin/bash', 'QT_ACCESSIBILITY': '1', 'GDMSESSION': 'mate', 'RUNAS': '/share/b/runas/x86_64', 'GPG_AGENT_INFO': '/run/user/90048/gnupg/S.gpg-agent:0:1', 'CONFIG_SHELL': '/usr/bin/ksh', 'QT_IM_MODULE': 'ibus', 'PWD': '/home/cc/ee106a/fa25/class/ee106a-abw/ros_workspaces/lab0/build/foo', 'EE106_ENV_SETUP': 'turtlebot_ros2', 'CONTAINER_ID': 'ros2', 'TURTLEBOT3_MODEL': 'burger', 'LC_ALL': 'C.UTF-8', 'XDG_CONFIG_DIRS': '/etc/xdg/xdg-mate:/etc/xdg', 'CLUTTER_IM_MODULE': 'ibus', 'XDG_DATA_DIRS': '/usr/share/mate:/usr/share/mate:/usr/share/gnome:/home/cc/ee106a/fa25/class/ee106a-abw/.local/share/flatpak/exports/share:/var/lib/flatpak/exports/share:/usr/local/share/:/usr/share/:/var/lib/snapd/desktop:/usr/local/share:/usr/share', 'PYTHONPATH': '/home/cc/ee106a/fa25/class/ee106a-abw/ros_workspaces/lab0/build/foo/prefix_override:/usr/lib/python3/dist-packages/colcon_core/task/python/colcon_distutils_commands:/home/cc/ee106a/fa25/class/ee106a-abw/ros_workspaces/lab0/install/foo/lib/python3.10/site-packages:/opt/ros/turtlebot3_ws/build/turtlebot3_teleop:/opt/ros/turtlebot3_ws/install/turtlebot3_teleop/lib/python3.10/site-packages:/opt/ros/turtlebot3_ws/build/turtlebot3_example:/opt/ros/turtlebot3_ws/install/turtlebot3_example/lib/python3.10/site-packages:/opt/ros/turtlebot3_ws/install/turtlebot3_msgs/local/lib/python3.10/dist-packages:/opt/ros/turtlebot3_ws/install/dynamixel_sdk_custom_interfaces/local/lib/python3.10/dist-packages:/opt/ros/turtlebot3_ws/install/dynamixel_sdk/local/lib/python3.10/dist-packages:/opt/ros/humble/lib/python3.10/site-packages:/opt/ros/humble/local/lib/python3.10/dist-packages', 'MATE_DESKTOP_SESSION_ID': 'this-is-deprecated', 'COLCON': '1', 'MANPATH': '/usr/local/man:/usr/man:/usr/X11/man:/usr/local/man:/share/b/grading/man:/usr/local/man:/usr/man:/usr/X11/man:/usr/local/man:/share/b/grading/man:', 'VTE_VERSION': '6800', 'EDITOR': 'emacs', 'CMAKE_PREFIX_PATH': '/opt/ros/turtlebot3_ws/install/turtlebot3:/opt/ros/turtlebot3_ws/install/turtlebot3_bringup:/opt/ros/turtlebot3_ws/install/turtlebot3_node:/opt/ros/turtlebot3_ws/install/turtlebot3_navigation2:/opt/ros/turtlebot3_ws/install/turtlebot3_msgs:/opt/ros/turtlebot3_ws/install/turtlebot3_description:/opt/ros/turtlebot3_ws/install/turtlebot3_cartographer:/opt/ros/turtlebot3_ws/install/dynamixel_sdk_examples:/opt/ros/turtlebot3_ws/install/dynamixel_sdk_custom_interfaces:/opt/ros/turtlebot3_ws/install/dynamixel_sdk', 'QT_FONT_DPI': '122'}, 'shell': False}
[0.970680] (bar) Command: {'cmd': ['/usr/bin/python3', '-W', 'ignore:setup.py install is deprecated', '-W', 'ignore:easy_install command is deprecated', 'setup.py', 'egg_info', '--egg-base', '../../build/bar', 'build', '--build-base', '/home/cc/ee106a/fa25/class/ee106a-abw/ros_workspaces/lab0/build/bar/build', 'install', '--record', '/home/cc/ee106a/fa25/class/ee106a-abw/ros_workspaces/lab0/build/bar/install.log', '--single-version-externally-managed', 'install_data'], 'cwd': '/home/cc/ee106a/fa25/class/ee106a-abw/ros_workspaces/lab0/src/bar', 'env': {'ARCH': 'x86_64', 'QT_SCALE_FACTOR': '1', 'USER': 'ee106a-abw', 'HOSTNAME': 'ros2', 'XDG_SESSION_TYPE': 'x11', 'MASTERDIR': '/home/ff/ee106a', 'COMPIZ_CONFIG_PROFILE': 'mate', 'XDG_CACHE_HOME': '/home/cc/ee106a/fa25/class/ee106a-abw/.cache', 'SHLVL': '2', 'LD_LIBRARY_PATH': '/opt/ros/turtlebot3_ws/install/turtlebot3_msgs/lib:/opt/ros/turtlebot3_ws/install/dynamixel_sdk_custom_interfaces/lib:/opt/ros/turtlebot3_ws/install/dynamixel_sdk/lib:/usr/lib/x86_64-linux-gnu/gazebo-11/plugins:/opt/ros/humble/opt/rviz_ogre_vendor/lib:/opt/ros/humble/lib/x86_64-linux-gnu:/opt/ros/humble/lib', 'HOME': '/home/cc/ee106a/fa25/class/ee106a-abw', 'OLDPWD': '/home/cc/ee106a/fa25/class/ee106a-abw/ros_workspaces/lab0/src', 'DESKTOP_SESSION': 'mate', 'ROS_PYTHON_VERSION': '3', 'GTK_MODULES': 'gail:atk-bridge:appmenu-gtk-module:gail:atk-bridge:canberra-gtk-module', 'PS1': '\\h [\\!] \\w #', 'DISTROBOX_ENTER_PATH': '/usr/local/bin/distrobox-enter', 'SYSTEMD_EXEC_PID': '141643', 'NNTPSERVER': 'news.csua.berkeley.edu', 'VISUAL': 'emacs', 'XDG_STATE_HOME': '/home/cc/ee106a/fa25/class/ee106a-abw/.local/state', 'DBUS_SESSION_BUS_ADDRESS': 'unix:path=/run/user/90048/bus', 'COLORTERM': 'truecolor', 'container': 'podman', 'UBUNTU_MENUPROXY': '1', 'QT_QPA_PLATFORMTHEME': 'gtk2', 'COLCON_PREFIX_PATH': '/opt/ros/turtlebot3_ws/install', 'ROS_DISTRO': 'humble', 'GTK_IM_MODULE': 'ibus', 'LOGNAME': 'ee106a-abw', 'MASTER': 'ee106a', 'WINDOWID': '35654465', '_': '/usr/bin/colcon', 'ROS_VERSION': '2', 'XDG_SESSION_CLASS': 'user', 'TERMINFO_DIRS': '/usr/share/terminfo:/run/host/usr/share/terminfo', 'USERNAME': 'ee106a-abw', 'TERM': 'xterm-256color', 'GTK_OVERLAY_SCROLLING': '0', 'XDG_SESSION_ID': '3230', 'ROS_LOCALHOST_ONLY': '0', 'WINDOWPATH': '2', 'PATH': '/opt/ros/humble/bin:/share/b/grading/bin:/home/ff/ee106a/bin:/home/ff/ee106a/bin/arch/x86_64:/share/b/grading/bin:/home/ff/ee106a/bin:/home/ff/ee106a/bin/arch/x86_64:/usr/local/sbin:/usr/local/bin:/usr/sbin:/usr/bin:/sbin:/bin:/usr/games:/usr/local/games:/snap/bin:/snap/bin:/share/b/grading/bin:/share/b/grading/sbin:/share/b/runas/x86_64:/share/b/bin:/usr/local/sbin:/usr/local/bin:/usr/sbin:/usr/bin:/sbin:/bin:/share/b/grading/bin:/share/b/grading/sbin:/share/b/runas/x86_64:/share/b/bin', 'SESSION_MANAGER': 'local/c105-1:@/tmp/.ICE-unix/141752,unix/c105-1:/tmp/.ICE-unix/141752', 'OS': 'Linux', 'XDG_RUNTIME_DIR': '/run/user/90048', 'DISPLAY': ':1', 'LANG': 'en_US.UTF-8', 'XDG_CURRENT_DESKTOP': 'MATE', 'XDG_DATA_HOME': '/home/cc/ee106a/fa25/class/ee106a-abw/.local/share', 'XDG_CONFIG_HOME': '/home/cc/ee106a/fa25/class/ee106a-abw/.config', 'XMODIFIERS': '@im=ibus', 'XDG_SESSION_DESKTOP': 'mate', 'XAUTHORITY': '/run/user/90048/gdm/Xauthority', 'SSH_AUTH_SOCK': '/run/user/90048/keyring/ssh', 'ROS_DOMAIN_ID': '21', 'AMENT_PREFIX_PATH': '/opt/ros/turtlebot3_ws/install/turtlebot3:/opt/ros/turtlebot3_ws/install/turtlebot3_teleop:/opt/ros/turtlebot3_ws/install/turtlebot3_bringup:/opt/ros/turtlebot3_ws/install/turtlebot3_node:/opt/ros/turtlebot3_ws/install/turtlebot3_navigation2:/opt/ros/turtlebot3_ws/install/turtlebot3_example:/opt/ros/turtlebot3_ws/install/turtlebot3_msgs:/opt/ros/turtlebot3_ws/install/turtlebot3_description:/opt/ros/turtlebot3_ws/install/turtlebot3_cartographer:/opt/ros/turtlebot3_ws/install/dynamixel_sdk_examples:/opt/ros/turtlebot3_ws/install/dynamixel_sdk_custom_interfaces:/opt/ros/turtlebot3_ws/install/dynamixel_sdk:/opt/ros/humble', 'SHELL': '/usr/bin/bash', 'QT_ACCESSIBILITY': '1', 'GDMSESSION': 'mate', 'RUNAS': '/share/b/runas/x86_64', 'GPG_AGENT_INFO': '/run/user/90048/gnupg/S.gpg-agent:0:1', 'CONFIG_SHELL': '/usr/bin/ksh', 'QT_IM_MODULE': 'ibus', 'PWD': '/home/cc/ee106a/fa25/class/ee106a-abw/ros_workspaces/lab0/build/bar', 'EE106_ENV_SETUP': 'turtlebot_ros2', 'CONTAINER_ID': 'ros2', 'TURTLEBOT3_MODEL': 'burger', 'LC_ALL': 'C.UTF-8', 'XDG_CONFIG_DIRS': '/etc/xdg/xdg-mate:/etc/xdg', 'CLUTTER_IM_MODULE': 'ibus', 'XDG_DATA_DIRS': '/usr/share/mate:/usr/share/mate:/usr/share/gnome:/home/cc/ee106a/fa25/class/ee106a-abw/.local/share/flatpak/exports/share:/var/lib/flatpak/exports/share:/usr/local/share/:/usr/share/:/var/lib/snapd/desktop:/usr/local/share:/usr/share', 'PYTHONPATH': '/home/cc/ee106a/fa25/class/ee106a-abw/ros_workspaces/lab0/build/bar/prefix_override:/usr/lib/python3/dist-packages/colcon_core/task/python/colcon_distutils_commands:/home/cc/ee106a/fa25/class/ee106a-abw/ros_workspaces/lab0/install/bar/lib/python3.10/site-packages:/opt/ros/turtlebot3_ws/build/turtlebot3_teleop:/opt/ros/turtlebot3_ws/install/turtlebot3_teleop/lib/python3.10/site-packages:/opt/ros/turtlebot3_ws/build/turtlebot3_example:/opt/ros/turtlebot3_ws/install/turtlebot3_example/lib/python3.10/site-packages:/opt/ros/turtlebot3_ws/install/turtlebot3_msgs/local/lib/python3.10/dist-packages:/opt/ros/turtlebot3_ws/install/dynamixel_sdk_custom_interfaces/local/lib/python3.10/dist-packages:/opt/ros/turtlebot3_ws/install/dynamixel_sdk/local/lib/python3.10/dist-packages:/opt/ros/humble/lib/python3.10/site-packages:/opt/ros/humble/local/lib/python3.10/dist-packages', 'MATE_DESKTOP_SESSION_ID': 'this-is-deprecated', 'COLCON': '1', 'MANPATH': '/usr/local/man:/usr/man:/usr/X11/man:/usr/local/man:/share/b/grading/man:/usr/local/man:/usr/man:/usr/X11/man:/usr/local/man:/share/b/grading/man:', 'VTE_VERSION': '6800', 'EDITOR': 'emacs', 'CMAKE_PREFIX_PATH': '/opt/ros/turtlebot3_ws/install/turtlebot3:/opt/ros/turtlebot3_ws/install/turtlebot3_bringup:/opt/ros/turtlebot3_ws/install/turtlebot3_node:/opt/ros/turtlebot3_ws/install/turtlebot3_navigation2:/opt/ros/turtlebot3_ws/install/turtlebot3_msgs:/opt/ros/turtlebot3_ws/install/turtlebot3_description:/opt/ros/turtlebot3_ws/install/turtlebot3_cartographer:/opt/ros/turtlebot3_ws/install/dynamixel_sdk_examples:/opt/ros/turtlebot3_ws/install/dynamixel_sdk_custom_interfaces:/opt/ros/turtlebot3_ws/install/dynamixel_sdk', 'QT_FONT_DPI': '122'}, 'shell': False}
[1.001744] (-) TimerEvent: {}
[1.101999] (-) TimerEvent: {}
[1.141804] (foo) StdoutLine: {'line': b'running egg_info\n'}
[1.142060] (foo) StdoutLine: {'line': b'creating ../../build/foo/foo.egg-info\n'}
[1.143244] (foo) StdoutLine: {'line': b'writing ../../build/foo/foo.egg-info/PKG-INFO\n'}
[1.148642] (foo) StdoutLine: {'line': b'writing dependency_links to ../../build/foo/foo.egg-info/dependency_links.txt\n'}
[1.150620] (foo) StdoutLine: {'line': b'writing entry points to ../../build/foo/foo.egg-info/entry_points.txt\n'}
[1.152182] (foo) StdoutLine: {'line': b'writing requirements to ../../build/foo/foo.egg-info/requires.txt\n'}
[1.153398] (foo) StdoutLine: {'line': b'writing top-level names to ../../build/foo/foo.egg-info/top_level.txt\n'}
[1.155241] (foo) StdoutLine: {'line': b"writing manifest file '../../build/foo/foo.egg-info/SOURCES.txt'\n"}
[1.159174] (bar) StdoutLine: {'line': b'running egg_info\n'}
[1.159455] (bar) StdoutLine: {'line': b'creating ../../build/bar/bar.egg-info\n'}
[1.160487] (bar) StdoutLine: {'line': b'writing ../../build/bar/bar.egg-info/PKG-INFO\n'}
[1.163462] (foo) StdoutLine: {'line': b"reading manifest file '../../build/foo/foo.egg-info/SOURCES.txt'\n"}
[1.165317] (bar) StdoutLine: {'line': b'writing dependency_links to ../../build/bar/bar.egg-info/dependency_links.txt\n'}
[1.166191] (foo) StdoutLine: {'line': b"writing manifest file '../../build/foo/foo.egg-info/SOURCES.txt'\n"}
[1.167629] (bar) StdoutLine: {'line': b'writing entry points to ../../build/bar/bar.egg-info/entry_points.txt\n'}
[1.167702] (foo) StdoutLine: {'line': b'running build\n'}
[1.167737] (foo) StdoutLine: {'line': b'running build_py\n'}
[1.171434] (foo) StdoutLine: {'line': b'creating /home/cc/ee106a/fa25/class/ee106a-abw/ros_workspaces/lab0/build/foo/build\n'}
[1.171975] (foo) StdoutLine: {'line': b'creating /home/cc/ee106a/fa25/class/ee106a-abw/ros_workspaces/lab0/build/foo/build/lib\n'}
[1.172250] (bar) StdoutLine: {'line': b'writing requirements to ../../build/bar/bar.egg-info/requires.txt\n'}
[1.172941] (foo) StdoutLine: {'line': b'creating /home/cc/ee106a/fa25/class/ee106a-abw/ros_workspaces/lab0/build/foo/build/lib/foo\n'}
[1.173559] (bar) StdoutLine: {'line': b'writing top-level names to ../../build/bar/bar.egg-info/top_level.txt\n'}
[1.174374] (foo) StdoutLine: {'line': b'copying foo/__init__.py -> /home/cc/ee106a/fa25/class/ee106a-abw/ros_workspaces/lab0/build/foo/build/lib/foo\n'}
[1.175556] (bar) StdoutLine: {'line': b"writing manifest file '../../build/bar/bar.egg-info/SOURCES.txt'\n"}
[1.177538] (foo) StdoutLine: {'line': b'running install\n'}
[1.177886] (foo) StdoutLine: {'line': b'running install_lib\n'}
[1.183135] (foo) StdoutLine: {'line': b'creating /home/cc/ee106a/fa25/class/ee106a-abw/ros_workspaces/lab0/install/foo/lib/python3.10/site-packages/foo\n'}
[1.183913] (bar) StdoutLine: {'line': b"reading manifest file '../../build/bar/bar.egg-info/SOURCES.txt'\n"}
[1.184376] (foo) StdoutLine: {'line': b'copying /home/cc/ee106a/fa25/class/ee106a-abw/ros_workspaces/lab0/build/foo/build/lib/foo/__init__.py -> /home/cc/ee106a/fa25/class/ee106a-abw/ros_workspaces/lab0/install/foo/lib/python3.10/site-packages/foo\n'}
[1.186664] (bar) StdoutLine: {'line': b"writing manifest file '../../build/bar/bar.egg-info/SOURCES.txt'\n"}
[1.187856] (bar) StdoutLine: {'line': b'running build\n'}
[1.187931] (bar) StdoutLine: {'line': b'running build_py\n'}
[1.188539] (foo) StdoutLine: {'line': b'byte-compiling /home/cc/ee106a/fa25/class/ee106a-abw/ros_workspaces/lab0/install/foo/lib/python3.10/site-packages/foo/__init__.py to __init__.cpython-310.pyc\n'}
[1.188780] (bar) StdoutLine: {'line': b'creating /home/cc/ee106a/fa25/class/ee106a-abw/ros_workspaces/lab0/build/bar/build\n'}
[1.189393] (bar) StdoutLine: {'line': b'creating /home/cc/ee106a/fa25/class/ee106a-abw/ros_workspaces/lab0/build/bar/build/lib\n'}
[1.190323] (bar) StdoutLine: {'line': b'creating /home/cc/ee106a/fa25/class/ee106a-abw/ros_workspaces/lab0/build/bar/build/lib/bar\n'}
[1.194472] (bar) StdoutLine: {'line': b'copying bar/__init__.py -> /home/cc/ee106a/fa25/class/ee106a-abw/ros_workspaces/lab0/build/bar/build/lib/bar\n'}
[1.194988] (foo) StdoutLine: {'line': b'running install_data\n'}
[1.195709] (foo) StdoutLine: {'line': b'creating /home/cc/ee106a/fa25/class/ee106a-abw/ros_workspaces/lab0/install/foo/share/ament_index\n'}
[1.196558] (foo) StdoutLine: {'line': b'creating /home/cc/ee106a/fa25/class/ee106a-abw/ros_workspaces/lab0/install/foo/share/ament_index/resource_index\n'}
[1.197060] (bar) StdoutLine: {'line': b'running install\n'}
[1.197592] (bar) StdoutLine: {'line': b'running install_lib\n'}
[1.197665] (foo) StdoutLine: {'line': b'creating /home/cc/ee106a/fa25/class/ee106a-abw/ros_workspaces/lab0/install/foo/share/ament_index/resource_index/packages\n'}
[1.199037] (foo) StdoutLine: {'line': b'copying resource/foo -> /home/cc/ee106a/fa25/class/ee106a-abw/ros_workspaces/lab0/install/foo/share/ament_index/resource_index/packages\n'}
[1.201455] (bar) StdoutLine: {'line': b'creating /home/cc/ee106a/fa25/class/ee106a-abw/ros_workspaces/lab0/install/bar/lib/python3.10/site-packages/bar\n'}
[1.202062] (-) TimerEvent: {}
[1.202482] (foo) StdoutLine: {'line': b'copying package.xml -> /home/cc/ee106a/fa25/class/ee106a-abw/ros_workspaces/lab0/install/foo/share/foo\n'}
[1.202696] (bar) StdoutLine: {'line': b'copying /home/cc/ee106a/fa25/class/ee106a-abw/ros_workspaces/lab0/build/bar/build/lib/bar/__init__.py -> /home/cc/ee106a/fa25/class/ee106a-abw/ros_workspaces/lab0/install/bar/lib/python3.10/site-packages/bar\n'}
[1.208627] (foo) StdoutLine: {'line': b'running install_egg_info\n'}
[1.211618] (bar) StdoutLine: {'line': b'byte-compiling /home/cc/ee106a/fa25/class/ee106a-abw/ros_workspaces/lab0/install/bar/lib/python3.10/site-packages/bar/__init__.py to __init__.cpython-310.pyc\n'}
[1.213281] (foo) StdoutLine: {'line': b'Copying ../../build/foo/foo.egg-info to /home/cc/ee106a/fa25/class/ee106a-abw/ros_workspaces/lab0/install/foo/lib/python3.10/site-packages/foo-0.0.0-py3.10.egg-info\n'}
[1.218308] (bar) StdoutLine: {'line': b'running install_data\n'}
[1.219122] (bar) StdoutLine: {'line': b'creating /home/cc/ee106a/fa25/class/ee106a-abw/ros_workspaces/lab0/install/bar/share/ament_index\n'}
[1.219603] (bar) StdoutLine: {'line': b'creating /home/cc/ee106a/fa25/class/ee106a-abw/ros_workspaces/lab0/install/bar/share/ament_index/resource_index\n'}
[1.220363] (bar) StdoutLine: {'line': b'creating /home/cc/ee106a/fa25/class/ee106a-abw/ros_workspaces/lab0/install/bar/share/ament_index/resource_index/packages\n'}
[1.222084] (bar) StdoutLine: {'line': b'copying resource/bar -> /home/cc/ee106a/fa25/class/ee106a-abw/ros_workspaces/lab0/install/bar/share/ament_index/resource_index/packages\n'}
[1.229481] (bar) StdoutLine: {'line': b'copying package.xml -> /home/cc/ee106a/fa25/class/ee106a-abw/ros_workspaces/lab0/install/bar/share/bar\n'}
[1.233357] (bar) StdoutLine: {'line': b'running install_egg_info\n'}
[1.238592] (bar) StdoutLine: {'line': b'Copying ../../build/bar/bar.egg-info to /home/cc/ee106a/fa25/class/ee106a-abw/ros_workspaces/lab0/install/bar/lib/python3.10/site-packages/bar-0.0.0-py3.10.egg-info\n'}
[1.258168] (foo) StdoutLine: {'line': b'running install_scripts\n'}
[1.278477] (bar) StdoutLine: {'line': b'running install_scripts\n'}
[1.289443] (foo) StdoutLine: {'line': b"writing list of installed files to '/home/cc/ee106a/fa25/class/ee106a-abw/ros_workspaces/lab0/build/foo/install.log'\n"}
[1.298144] (bar) StdoutLine: {'line': b"writing list of installed files to '/home/cc/ee106a/fa25/class/ee106a-abw/ros_workspaces/lab0/build/bar/install.log'\n"}
[1.302140] (-) TimerEvent: {}
[1.304118] (foo) CommandEnded: {'returncode': 0}
[1.350594] (foo) JobEnded: {'identifier': 'foo', 'rc': 0}
[1.359658] (bar) CommandEnded: {'returncode': 0}
[1.402213] (bar) JobEnded: {'identifier': 'bar', 'rc': 0}
[1.410384] (-) TimerEvent: {}
[1.410514] (-) EventReactorShutdown: {}
