[0.945s] Invoking command in '/home/cc/ee106a/fa25/class/ee106a-abw/ros_workspaces/lab0/src/foo': PS1=\h [\!] \w # PYTHONPATH=/home/cc/ee106a/fa25/class/ee106a-abw/ros_workspaces/lab0/build/foo/prefix_override:/usr/lib/python3/dist-packages/colcon_core/task/python/colcon_distutils_commands:/home/cc/ee106a/fa25/class/ee106a-abw/ros_workspaces/lab0/install/foo/lib/python3.10/site-packages:${PYTHONPATH} /usr/bin/python3 -W ignore:setup.py install is deprecated -W ignore:easy_install command is deprecated setup.py egg_info --egg-base ../../build/foo build --build-base /home/cc/ee106a/fa25/class/ee106a-abw/ros_workspaces/lab0/build/foo/build install --record /home/cc/ee106a/fa25/class/ee106a-abw/ros_workspaces/lab0/build/foo/install.log --single-version-externally-managed install_data
[1.117s] running egg_info
[1.117s] creating ../../build/foo/foo.egg-info
[1.118s] writing ../../build/foo/foo.egg-info/PKG-INFO
[1.123s] writing dependency_links to ../../build/foo/foo.egg-info/dependency_links.txt
[1.125s] writing entry points to ../../build/foo/foo.egg-info/entry_points.txt
[1.127s] writing requirements to ../../build/foo/foo.egg-info/requires.txt
[1.128s] writing top-level names to ../../build/foo/foo.egg-info/top_level.txt
[1.130s] writing manifest file '../../build/foo/foo.egg-info/SOURCES.txt'
[1.138s] reading manifest file '../../build/foo/foo.egg-info/SOURCES.txt'
[1.141s] writing manifest file '../../build/foo/foo.egg-info/SOURCES.txt'
[1.142s] running build
[1.142s] running build_py
[1.146s] creating /home/cc/ee106a/fa25/class/ee106a-abw/ros_workspaces/lab0/build/foo/build
[1.147s] creating /home/cc/ee106a/fa25/class/ee106a-abw/ros_workspaces/lab0/build/foo/build/lib
[1.148s] creating /home/cc/ee106a/fa25/class/ee106a-abw/ros_workspaces/lab0/build/foo/build/lib/foo
[1.149s] copying foo/__init__.py -> /home/cc/ee106a/fa25/class/ee106a-abw/ros_workspaces/lab0/build/foo/build/lib/foo
[1.152s] running install
[1.153s] running install_lib
[1.158s] creating /home/cc/ee106a/fa25/class/ee106a-abw/ros_workspaces/lab0/install/foo/lib/python3.10/site-packages/foo
[1.159s] copying /home/cc/ee106a/fa25/class/ee106a-abw/ros_workspaces/lab0/build/foo/build/lib/foo/__init__.py -> /home/cc/ee106a/fa25/class/ee106a-abw/ros_workspaces/lab0/install/foo/lib/python3.10/site-packages/foo
[1.163s] byte-compiling /home/cc/ee106a/fa25/class/ee106a-abw/ros_workspaces/lab0/install/foo/lib/python3.10/site-packages/foo/__init__.py to __init__.cpython-310.pyc
[1.170s] running install_data
[1.170s] creating /home/cc/ee106a/fa25/class/ee106a-abw/ros_workspaces/lab0/install/foo/share/ament_index
[1.171s] creating /home/cc/ee106a/fa25/class/ee106a-abw/ros_workspaces/lab0/install/foo/share/ament_index/resource_index
[1.172s] creating /home/cc/ee106a/fa25/class/ee106a-abw/ros_workspaces/lab0/install/foo/share/ament_index/resource_index/packages
[1.174s] copying resource/foo -> /home/cc/ee106a/fa25/class/ee106a-abw/ros_workspaces/lab0/install/foo/share/ament_index/resource_index/packages
[1.177s] copying package.xml -> /home/cc/ee106a/fa25/class/ee106a-abw/ros_workspaces/lab0/install/foo/share/foo
[1.183s] running install_egg_info
[1.188s] Copying ../../build/foo/foo.egg-info to /home/cc/ee106a/fa25/class/ee106a-abw/ros_workspaces/lab0/install/foo/lib/python3.10/site-packages/foo-0.0.0-py3.10.egg-info
[1.233s] running install_scripts
[1.264s] writing list of installed files to '/home/cc/ee106a/fa25/class/ee106a-abw/ros_workspaces/lab0/build/foo/install.log'
[1.279s] Invoked command in '/home/cc/ee106a/fa25/class/ee106a-abw/ros_workspaces/lab0/src/foo' returned '0': PS1=\h [\!] \w # PYTHONPATH=/home/cc/ee106a/fa25/class/ee106a-abw/ros_workspaces/lab0/build/foo/prefix_override:/usr/lib/python3/dist-packages/colcon_core/task/python/colcon_distutils_commands:/home/cc/ee106a/fa25/class/ee106a-abw/ros_workspaces/lab0/install/foo/lib/python3.10/site-packages:${PYTHONPATH} /usr/bin/python3 -W ignore:setup.py install is deprecated -W ignore:easy_install command is deprecated setup.py egg_info --egg-base ../../build/foo build --build-base /home/cc/ee106a/fa25/class/ee106a-abw/ros_workspaces/lab0/build/foo/build install --record /home/cc/ee106a/fa25/class/ee106a-abw/ros_workspaces/lab0/build/foo/install.log --single-version-externally-managed install_data
