[0.086s] DEBUG:colcon:Command line arguments: ['/usr/bin/colcon', 'build']
[0.086s] DEBUG:colcon:Parsed command line arguments: Namespace(log_base=None, log_level=None, verb_name='build', build_base='build', install_base='install', merge_install=False, symlink_install=False, test_result_base=None, continue_on_error=False, executor='parallel', parallel_workers=32, event_handlers=None, ignore_user_meta=False, metas=['./colcon.meta'], base_paths=['.'], packages_ignore=None, packages_ignore_regex=None, paths=None, packages_up_to=None, packages_up_to_regex=None, packages_above=None, packages_above_and_dependencies=None, packages_above_depth=None, packages_select_by_dep=None, packages_skip_by_dep=None, packages_skip_up_to=None, packages_select_build_failed=False, packages_skip_build_finished=False, packages_select_test_failures=False, packages_skip_test_passed=False, packages_select=None, packages_skip=None, packages_select_regex=None, packages_skip_regex=None, packages_start=None, packages_end=None, cmake_args=None, cmake_target=None, cmake_target_skip_unavailable=False, cmake_clean_cache=False, cmake_clean_first=False, cmake_force_configure=False, ament_cmake_args=None, catkin_cmake_args=None, catkin_skip_building_tests=False, mixin_files=None, mixin=None, verb_parser=<colcon_mixin.mixin.mixin_argument.MixinArgumentDecorator object at 0x740cee442ec0>, verb_extension=<colcon_core.verb.build.BuildVerb object at 0x740cee442260>, main=<bound method BuildVerb.main of <colcon_core.verb.build.BuildVerb object at 0x740cee442260>>, mixin_verb=('build',))
[0.205s] Level 1:colcon.colcon_core.package_discovery:discover_packages(colcon_meta) check parameters
[0.205s] Level 1:colcon.colcon_core.package_discovery:discover_packages(recursive) check parameters
[0.205s] Level 1:colcon.colcon_core.package_discovery:discover_packages(ignore) check parameters
[0.205s] Level 1:colcon.colcon_core.package_discovery:discover_packages(path) check parameters
[0.205s] Level 1:colcon.colcon_core.package_discovery:discover_packages(colcon_meta) discover
[0.206s] Level 1:colcon.colcon_core.package_discovery:discover_packages(recursive) discover
[0.206s] INFO:colcon.colcon_core.package_discovery:Crawling recursively for packages in '/home/cc/ee106a/fa25/class/ee106a-abw/ros_workspaces/lab1'
[0.206s] Level 1:colcon.colcon_core.package_identification:_identify(.) by extensions ['ignore', 'ignore_ament_install']
[0.207s] Level 1:colcon.colcon_core.package_identification:_identify(.) by extension 'ignore'
[0.207s] Level 1:colcon.colcon_core.package_identification:_identify(.) by extension 'ignore_ament_install'
[0.207s] Level 1:colcon.colcon_core.package_identification:_identify(.) by extensions ['colcon_pkg']
[0.208s] Level 1:colcon.colcon_core.package_identification:_identify(.) by extension 'colcon_pkg'
[0.208s] Level 1:colcon.colcon_core.package_identification:_identify(.) by extensions ['colcon_meta']
[0.208s] Level 1:colcon.colcon_core.package_identification:_identify(.) by extension 'colcon_meta'
[0.208s] Level 1:colcon.colcon_core.package_identification:_identify(.) by extensions ['ros']
[0.209s] Level 1:colcon.colcon_core.package_identification:_identify(.) by extension 'ros'
[0.216s] Level 1:colcon.colcon_core.package_identification:_identify(.) by extensions ['cmake', 'python']
[0.216s] Level 1:colcon.colcon_core.package_identification:_identify(.) by extension 'cmake'
[0.216s] Level 1:colcon.colcon_core.package_identification:_identify(.) by extension 'python'
[0.217s] Level 1:colcon.colcon_core.package_identification:_identify(.) by extensions ['python_setup_py']
[0.217s] Level 1:colcon.colcon_core.package_identification:_identify(.) by extension 'python_setup_py'
[0.217s] Level 1:colcon.colcon_core.package_identification:_identify(build) by extensions ['ignore', 'ignore_ament_install']
[0.218s] Level 1:colcon.colcon_core.package_identification:_identify(build) by extension 'ignore'
[0.218s] Level 1:colcon.colcon_core.package_identification:_identify(build) ignored
[0.219s] Level 1:colcon.colcon_core.package_identification:_identify(install) by extensions ['ignore', 'ignore_ament_install']
[0.219s] Level 1:colcon.colcon_core.package_identification:_identify(install) by extension 'ignore'
[0.220s] Level 1:colcon.colcon_core.package_identification:_identify(install) ignored
[0.221s] Level 1:colcon.colcon_core.package_identification:_identify(log) by extensions ['ignore', 'ignore_ament_install']
[0.221s] Level 1:colcon.colcon_core.package_identification:_identify(log) by extension 'ignore'
[0.222s] Level 1:colcon.colcon_core.package_identification:_identify(log) ignored
[0.222s] Level 1:colcon.colcon_core.package_identification:_identify(src) by extensions ['ignore', 'ignore_ament_install']
[0.222s] Level 1:colcon.colcon_core.package_identification:_identify(src) by extension 'ignore'
[0.223s] Level 1:colcon.colcon_core.package_identification:_identify(src) by extension 'ignore_ament_install'
[0.223s] Level 1:colcon.colcon_core.package_identification:_identify(src) by extensions ['colcon_pkg']
[0.223s] Level 1:colcon.colcon_core.package_identification:_identify(src) by extension 'colcon_pkg'
[0.223s] Level 1:colcon.colcon_core.package_identification:_identify(src) by extensions ['colcon_meta']
[0.223s] Level 1:colcon.colcon_core.package_identification:_identify(src) by extension 'colcon_meta'
[0.223s] Level 1:colcon.colcon_core.package_identification:_identify(src) by extensions ['ros']
[0.224s] Level 1:colcon.colcon_core.package_identification:_identify(src) by extension 'ros'
[0.224s] Level 1:colcon.colcon_core.package_identification:_identify(src) by extensions ['cmake', 'python']
[0.224s] Level 1:colcon.colcon_core.package_identification:_identify(src) by extension 'cmake'
[0.224s] Level 1:colcon.colcon_core.package_identification:_identify(src) by extension 'python'
[0.225s] Level 1:colcon.colcon_core.package_identification:_identify(src) by extensions ['python_setup_py']
[0.225s] Level 1:colcon.colcon_core.package_identification:_identify(src) by extension 'python_setup_py'
[0.225s] Level 1:colcon.colcon_core.package_identification:_identify(src/chatter) by extensions ['ignore', 'ignore_ament_install']
[0.225s] Level 1:colcon.colcon_core.package_identification:_identify(src/chatter) by extension 'ignore'
[0.226s] Level 1:colcon.colcon_core.package_identification:_identify(src/chatter) by extension 'ignore_ament_install'
[0.226s] Level 1:colcon.colcon_core.package_identification:_identify(src/chatter) by extensions ['colcon_pkg']
[0.226s] Level 1:colcon.colcon_core.package_identification:_identify(src/chatter) by extension 'colcon_pkg'
[0.226s] Level 1:colcon.colcon_core.package_identification:_identify(src/chatter) by extensions ['colcon_meta']
[0.227s] Level 1:colcon.colcon_core.package_identification:_identify(src/chatter) by extension 'colcon_meta'
[0.227s] Level 1:colcon.colcon_core.package_identification:_identify(src/chatter) by extensions ['ros']
[0.227s] Level 1:colcon.colcon_core.package_identification:_identify(src/chatter) by extension 'ros'
[0.230s] DEBUG:colcon.colcon_core.package_identification:Package 'src/chatter' with type 'ros.ament_python' and name 'chatter'
[0.230s] Level 1:colcon.colcon_core.package_identification:_identify(src/my_chatter) by extensions ['ignore', 'ignore_ament_install']
[0.231s] Level 1:colcon.colcon_core.package_identification:_identify(src/my_chatter) by extension 'ignore'
[0.231s] Level 1:colcon.colcon_core.package_identification:_identify(src/my_chatter) by extension 'ignore_ament_install'
[0.232s] Level 1:colcon.colcon_core.package_identification:_identify(src/my_chatter) by extensions ['colcon_pkg']
[0.232s] Level 1:colcon.colcon_core.package_identification:_identify(src/my_chatter) by extension 'colcon_pkg'
[0.232s] Level 1:colcon.colcon_core.package_identification:_identify(src/my_chatter) by extensions ['colcon_meta']
[0.233s] Level 1:colcon.colcon_core.package_identification:_identify(src/my_chatter) by extension 'colcon_meta'
[0.233s] Level 1:colcon.colcon_core.package_identification:_identify(src/my_chatter) by extensions ['ros']
[0.233s] Level 1:colcon.colcon_core.package_identification:_identify(src/my_chatter) by extension 'ros'
[0.234s] DEBUG:colcon.colcon_core.package_identification:Package 'src/my_chatter' with type 'ros.ament_python' and name 'my_chatter'
[0.235s] Level 1:colcon.colcon_core.package_identification:_identify(src/my_chatter_msgs) by extensions ['ignore', 'ignore_ament_install']
[0.235s] Level 1:colcon.colcon_core.package_identification:_identify(src/my_chatter_msgs) by extension 'ignore'
[0.235s] Level 1:colcon.colcon_core.package_identification:_identify(src/my_chatter_msgs) by extension 'ignore_ament_install'
[0.236s] Level 1:colcon.colcon_core.package_identification:_identify(src/my_chatter_msgs) by extensions ['colcon_pkg']
[0.236s] Level 1:colcon.colcon_core.package_identification:_identify(src/my_chatter_msgs) by extension 'colcon_pkg'
[0.236s] Level 1:colcon.colcon_core.package_identification:_identify(src/my_chatter_msgs) by extensions ['colcon_meta']
[0.236s] Level 1:colcon.colcon_core.package_identification:_identify(src/my_chatter_msgs) by extension 'colcon_meta'
[0.236s] Level 1:colcon.colcon_core.package_identification:_identify(src/my_chatter_msgs) by extensions ['ros']
[0.237s] Level 1:colcon.colcon_core.package_identification:_identify(src/my_chatter_msgs) by extension 'ros'
[0.238s] DEBUG:colcon.colcon_core.package_identification:Package 'src/my_chatter_msgs' with type 'ros.ament_cmake' and name 'my_chatter_msgs'
[0.238s] Level 1:colcon.colcon_core.package_discovery:discover_packages(recursive) using defaults
[0.238s] Level 1:colcon.colcon_core.package_discovery:discover_packages(ignore) discover
[0.238s] Level 1:colcon.colcon_core.package_discovery:discover_packages(ignore) using defaults
[0.239s] Level 1:colcon.colcon_core.package_discovery:discover_packages(path) discover
[0.239s] Level 1:colcon.colcon_core.package_discovery:discover_packages(path) using defaults
[0.256s] Level 5:colcon.colcon_core.verb:set package 'chatter' build argument 'cmake_args' from command line to 'None'
[0.256s] Level 5:colcon.colcon_core.verb:set package 'chatter' build argument 'cmake_target' from command line to 'None'
[0.256s] Level 5:colcon.colcon_core.verb:set package 'chatter' build argument 'cmake_target_skip_unavailable' from command line to 'False'
[0.256s] Level 5:colcon.colcon_core.verb:set package 'chatter' build argument 'cmake_clean_cache' from command line to 'False'
[0.256s] Level 5:colcon.colcon_core.verb:set package 'chatter' build argument 'cmake_clean_first' from command line to 'False'
[0.257s] Level 5:colcon.colcon_core.verb:set package 'chatter' build argument 'cmake_force_configure' from command line to 'False'
[0.257s] Level 5:colcon.colcon_core.verb:set package 'chatter' build argument 'ament_cmake_args' from command line to 'None'
[0.257s] Level 5:colcon.colcon_core.verb:set package 'chatter' build argument 'catkin_cmake_args' from command line to 'None'
[0.257s] Level 5:colcon.colcon_core.verb:set package 'chatter' build argument 'catkin_skip_building_tests' from command line to 'False'
[0.257s] DEBUG:colcon.colcon_core.verb:Building package 'chatter' with the following arguments: {'ament_cmake_args': None, 'build_base': '/home/cc/ee106a/fa25/class/ee106a-abw/ros_workspaces/lab1/build/chatter', 'catkin_cmake_args': None, 'catkin_skip_building_tests': False, 'cmake_args': None, 'cmake_clean_cache': False, 'cmake_clean_first': False, 'cmake_force_configure': False, 'cmake_target': None, 'cmake_target_skip_unavailable': False, 'install_base': '/home/cc/ee106a/fa25/class/ee106a-abw/ros_workspaces/lab1/install/chatter', 'merge_install': False, 'path': '/home/cc/ee106a/fa25/class/ee106a-abw/ros_workspaces/lab1/src/chatter', 'symlink_install': False, 'test_result_base': None}
[0.258s] Level 5:colcon.colcon_core.verb:set package 'my_chatter_msgs' build argument 'cmake_args' from command line to 'None'
[0.258s] Level 5:colcon.colcon_core.verb:set package 'my_chatter_msgs' build argument 'cmake_target' from command line to 'None'
[0.258s] Level 5:colcon.colcon_core.verb:set package 'my_chatter_msgs' build argument 'cmake_target_skip_unavailable' from command line to 'False'
[0.258s] Level 5:colcon.colcon_core.verb:set package 'my_chatter_msgs' build argument 'cmake_clean_cache' from command line to 'False'
[0.259s] Level 5:colcon.colcon_core.verb:set package 'my_chatter_msgs' build argument 'cmake_clean_first' from command line to 'False'
[0.259s] Level 5:colcon.colcon_core.verb:set package 'my_chatter_msgs' build argument 'cmake_force_configure' from command line to 'False'
[0.259s] Level 5:colcon.colcon_core.verb:set package 'my_chatter_msgs' build argument 'ament_cmake_args' from command line to 'None'
[0.259s] Level 5:colcon.colcon_core.verb:set package 'my_chatter_msgs' build argument 'catkin_cmake_args' from command line to 'None'
[0.259s] Level 5:colcon.colcon_core.verb:set package 'my_chatter_msgs' build argument 'catkin_skip_building_tests' from command line to 'False'
[0.259s] DEBUG:colcon.colcon_core.verb:Building package 'my_chatter_msgs' with the following arguments: {'ament_cmake_args': None, 'build_base': '/home/cc/ee106a/fa25/class/ee106a-abw/ros_workspaces/lab1/build/my_chatter_msgs', 'catkin_cmake_args': None, 'catkin_skip_building_tests': False, 'cmake_args': None, 'cmake_clean_cache': False, 'cmake_clean_first': False, 'cmake_force_configure': False, 'cmake_target': None, 'cmake_target_skip_unavailable': False, 'install_base': '/home/cc/ee106a/fa25/class/ee106a-abw/ros_workspaces/lab1/install/my_chatter_msgs', 'merge_install': False, 'path': '/home/cc/ee106a/fa25/class/ee106a-abw/ros_workspaces/lab1/src/my_chatter_msgs', 'symlink_install': False, 'test_result_base': None}
[0.260s] Level 5:colcon.colcon_core.verb:set package 'my_chatter' build argument 'cmake_args' from command line to 'None'
[0.260s] Level 5:colcon.colcon_core.verb:set package 'my_chatter' build argument 'cmake_target' from command line to 'None'
[0.260s] Level 5:colcon.colcon_core.verb:set package 'my_chatter' build argument 'cmake_target_skip_unavailable' from command line to 'False'
[0.260s] Level 5:colcon.colcon_core.verb:set package 'my_chatter' build argument 'cmake_clean_cache' from command line to 'False'
[0.260s] Level 5:colcon.colcon_core.verb:set package 'my_chatter' build argument 'cmake_clean_first' from command line to 'False'
[0.260s] Level 5:colcon.colcon_core.verb:set package 'my_chatter' build argument 'cmake_force_configure' from command line to 'False'
[0.261s] Level 5:colcon.colcon_core.verb:set package 'my_chatter' build argument 'ament_cmake_args' from command line to 'None'
[0.261s] Level 5:colcon.colcon_core.verb:set package 'my_chatter' build argument 'catkin_cmake_args' from command line to 'None'
[0.261s] Level 5:colcon.colcon_core.verb:set package 'my_chatter' build argument 'catkin_skip_building_tests' from command line to 'False'
[0.261s] DEBUG:colcon.colcon_core.verb:Building package 'my_chatter' with the following arguments: {'ament_cmake_args': None, 'build_base': '/home/cc/ee106a/fa25/class/ee106a-abw/ros_workspaces/lab1/build/my_chatter', 'catkin_cmake_args': None, 'catkin_skip_building_tests': False, 'cmake_args': None, 'cmake_clean_cache': False, 'cmake_clean_first': False, 'cmake_force_configure': False, 'cmake_target': None, 'cmake_target_skip_unavailable': False, 'install_base': '/home/cc/ee106a/fa25/class/ee106a-abw/ros_workspaces/lab1/install/my_chatter', 'merge_install': False, 'path': '/home/cc/ee106a/fa25/class/ee106a-abw/ros_workspaces/lab1/src/my_chatter', 'symlink_install': False, 'test_result_base': None}
[0.261s] INFO:colcon.colcon_core.executor:Executing jobs using 'parallel' executor
[0.263s] DEBUG:colcon.colcon_parallel_executor.executor.parallel:run_until_complete
[0.263s] INFO:colcon.colcon_ros.task.ament_cmake.build:Building ROS package in '/home/cc/ee106a/fa25/class/ee106a-abw/ros_workspaces/lab1/src/my_chatter_msgs' with build type 'ament_cmake'
[0.263s] INFO:colcon.colcon_cmake.task.cmake.build:Building CMake package in '/home/cc/ee106a/fa25/class/ee106a-abw/ros_workspaces/lab1/src/my_chatter_msgs'
[0.265s] INFO:colcon.colcon_core.plugin_system:Skipping extension 'colcon_core.shell.bat': Not used on non-Windows systems
[0.265s] INFO:colcon.colcon_core.shell:Skip shell extension 'powershell' for command environment: Not usable outside of PowerShell
[0.265s] DEBUG:colcon.colcon_core.shell:Skip shell extension 'dsv' for command environment
[0.281s] INFO:colcon.colcon_ros.task.ament_python.build:Building ROS package in '/home/cc/ee106a/fa25/class/ee106a-abw/ros_workspaces/lab1/src/chatter' with build type 'ament_python'
[0.281s] Level 1:colcon.colcon_core.shell:create_environment_hook('chatter', 'ament_prefix_path')
[0.281s] INFO:colcon.colcon_core.shell:Creating environment hook '/home/cc/ee106a/fa25/class/ee106a-abw/ros_workspaces/lab1/install/chatter/share/chatter/hook/ament_prefix_path.ps1'
[0.283s] INFO:colcon.colcon_core.shell:Creating environment descriptor '/home/cc/ee106a/fa25/class/ee106a-abw/ros_workspaces/lab1/install/chatter/share/chatter/hook/ament_prefix_path.dsv'
[0.285s] INFO:colcon.colcon_core.shell:Creating environment hook '/home/cc/ee106a/fa25/class/ee106a-abw/ros_workspaces/lab1/install/chatter/share/chatter/hook/ament_prefix_path.sh'
[0.287s] INFO:colcon.colcon_core.shell:Skip shell extension 'powershell' for command environment: Not usable outside of PowerShell
[0.288s] DEBUG:colcon.colcon_core.shell:Skip shell extension 'dsv' for command environment
[0.311s] DEBUG:colcon.colcon_core.event_handler.log_command:Invoking command in '/home/cc/ee106a/fa25/class/ee106a-abw/ros_workspaces/lab1/build/my_chatter_msgs': CMAKE_PREFIX_PATH=${CMAKE_PREFIX_PATH}:/home/cc/ee106a/fa25/class/ee106a-abw/ros_workspaces/lab1/install/chatter:/opt/ros/turtlebot3_ws/install/turtlebot3_teleop:/opt/ros/turtlebot3_ws/install/turtlebot3_example:/opt/ros/humble PS1=\h [\!] \w # /usr/bin/cmake --build /home/cc/ee106a/fa25/class/ee106a-abw/ros_workspaces/lab1/build/my_chatter_msgs -- -j32 -l32
[0.648s] INFO:colcon.colcon_core.task.python.build:Building Python package in '/home/cc/ee106a/fa25/class/ee106a-abw/ros_workspaces/lab1/src/chatter'
[0.648s] INFO:colcon.colcon_core.shell:Skip shell extension 'powershell' for command environment: Not usable outside of PowerShell
[0.649s] DEBUG:colcon.colcon_core.shell:Skip shell extension 'dsv' for command environment
[0.851s] DEBUG:colcon.colcon_core.event_handler.log_command:Invoked command in '/home/cc/ee106a/fa25/class/ee106a-abw/ros_workspaces/lab1/build/my_chatter_msgs' returned '0': CMAKE_PREFIX_PATH=${CMAKE_PREFIX_PATH}:/home/cc/ee106a/fa25/class/ee106a-abw/ros_workspaces/lab1/install/chatter:/opt/ros/turtlebot3_ws/install/turtlebot3_teleop:/opt/ros/turtlebot3_ws/install/turtlebot3_example:/opt/ros/humble PS1=\h [\!] \w # /usr/bin/cmake --build /home/cc/ee106a/fa25/class/ee106a-abw/ros_workspaces/lab1/build/my_chatter_msgs -- -j32 -l32
[0.864s] DEBUG:colcon.colcon_core.event_handler.log_command:Invoking command in '/home/cc/ee106a/fa25/class/ee106a-abw/ros_workspaces/lab1/build/my_chatter_msgs': CMAKE_PREFIX_PATH=${CMAKE_PREFIX_PATH}:/home/cc/ee106a/fa25/class/ee106a-abw/ros_workspaces/lab1/install/chatter:/opt/ros/turtlebot3_ws/install/turtlebot3_teleop:/opt/ros/turtlebot3_ws/install/turtlebot3_example:/opt/ros/humble PS1=\h [\!] \w # /usr/bin/cmake --install /home/cc/ee106a/fa25/class/ee106a-abw/ros_workspaces/lab1/build/my_chatter_msgs
[0.993s] DEBUG:colcon.colcon_core.event_handler.log_command:Invoking command in '/home/cc/ee106a/fa25/class/ee106a-abw/ros_workspaces/lab1/src/chatter': PS1=\h [\!] \w # PYTHONPATH=/home/cc/ee106a/fa25/class/ee106a-abw/ros_workspaces/lab1/build/chatter/prefix_override:/usr/lib/python3/dist-packages/colcon_core/task/python/colcon_distutils_commands:/home/cc/ee106a/fa25/class/ee106a-abw/ros_workspaces/lab1/install/chatter/lib/python3.10/site-packages:${PYTHONPATH} /usr/bin/python3 -W ignore:setup.py install is deprecated -W ignore:easy_install command is deprecated setup.py egg_info --egg-base ../../build/chatter build --build-base /home/cc/ee106a/fa25/class/ee106a-abw/ros_workspaces/lab1/build/chatter/build install --record /home/cc/ee106a/fa25/class/ee106a-abw/ros_workspaces/lab1/build/chatter/install.log --single-version-externally-managed install_data
[1.104s] Level 1:colcon.colcon_core.environment:create_environment_scripts_only(my_chatter_msgs)
[1.105s] DEBUG:colcon.colcon_core.event_handler.log_command:Invoked command in '/home/cc/ee106a/fa25/class/ee106a-abw/ros_workspaces/lab1/build/my_chatter_msgs' returned '0': CMAKE_PREFIX_PATH=${CMAKE_PREFIX_PATH}:/home/cc/ee106a/fa25/class/ee106a-abw/ros_workspaces/lab1/install/chatter:/opt/ros/turtlebot3_ws/install/turtlebot3_teleop:/opt/ros/turtlebot3_ws/install/turtlebot3_example:/opt/ros/humble PS1=\h [\!] \w # /usr/bin/cmake --install /home/cc/ee106a/fa25/class/ee106a-abw/ros_workspaces/lab1/build/my_chatter_msgs
[1.107s] Level 1:colcon.colcon_core.environment:checking '/home/cc/ee106a/fa25/class/ee106a-abw/ros_workspaces/lab1/install/my_chatter_msgs' for CMake module files
[1.108s] Level 1:colcon.colcon_core.environment:checking '/home/cc/ee106a/fa25/class/ee106a-abw/ros_workspaces/lab1/install/my_chatter_msgs' for CMake config files
[1.112s] Level 1:colcon.colcon_core.shell:create_environment_hook('my_chatter_msgs', 'cmake_prefix_path')
[1.112s] INFO:colcon.colcon_core.shell:Creating environment hook '/home/cc/ee106a/fa25/class/ee106a-abw/ros_workspaces/lab1/install/my_chatter_msgs/share/my_chatter_msgs/hook/cmake_prefix_path.ps1'
[1.115s] INFO:colcon.colcon_core.shell:Creating environment descriptor '/home/cc/ee106a/fa25/class/ee106a-abw/ros_workspaces/lab1/install/my_chatter_msgs/share/my_chatter_msgs/hook/cmake_prefix_path.dsv'
[1.117s] INFO:colcon.colcon_core.shell:Creating environment hook '/home/cc/ee106a/fa25/class/ee106a-abw/ros_workspaces/lab1/install/my_chatter_msgs/share/my_chatter_msgs/hook/cmake_prefix_path.sh'
[1.120s] Level 1:colcon.colcon_core.environment:checking '/home/cc/ee106a/fa25/class/ee106a-abw/ros_workspaces/lab1/install/my_chatter_msgs/lib'
[1.120s] Level 1:colcon.colcon_core.shell:create_environment_hook('my_chatter_msgs', 'ld_library_path_lib')
[1.120s] INFO:colcon.colcon_core.shell:Creating environment hook '/home/cc/ee106a/fa25/class/ee106a-abw/ros_workspaces/lab1/install/my_chatter_msgs/share/my_chatter_msgs/hook/ld_library_path_lib.ps1'
[1.123s] INFO:colcon.colcon_core.shell:Creating environment descriptor '/home/cc/ee106a/fa25/class/ee106a-abw/ros_workspaces/lab1/install/my_chatter_msgs/share/my_chatter_msgs/hook/ld_library_path_lib.dsv'
[1.125s] INFO:colcon.colcon_core.shell:Creating environment hook '/home/cc/ee106a/fa25/class/ee106a-abw/ros_workspaces/lab1/install/my_chatter_msgs/share/my_chatter_msgs/hook/ld_library_path_lib.sh'
[1.127s] Level 1:colcon.colcon_core.environment:checking '/home/cc/ee106a/fa25/class/ee106a-abw/ros_workspaces/lab1/install/my_chatter_msgs/bin'
[1.127s] Level 1:colcon.colcon_core.environment:checking '/home/cc/ee106a/fa25/class/ee106a-abw/ros_workspaces/lab1/install/my_chatter_msgs/lib/pkgconfig/my_chatter_msgs.pc'
[1.127s] Level 1:colcon.colcon_core.environment:checking '/home/cc/ee106a/fa25/class/ee106a-abw/ros_workspaces/lab1/install/my_chatter_msgs/lib/python3.10/site-packages'
[1.128s] Level 1:colcon.colcon_core.environment:checking '/home/cc/ee106a/fa25/class/ee106a-abw/ros_workspaces/lab1/install/my_chatter_msgs/bin'
[1.129s] INFO:colcon.colcon_core.shell:Creating package script '/home/cc/ee106a/fa25/class/ee106a-abw/ros_workspaces/lab1/install/my_chatter_msgs/share/my_chatter_msgs/package.ps1'
[1.131s] INFO:colcon.colcon_core.shell:Creating package descriptor '/home/cc/ee106a/fa25/class/ee106a-abw/ros_workspaces/lab1/install/my_chatter_msgs/share/my_chatter_msgs/package.dsv'
[1.133s] INFO:colcon.colcon_core.shell:Creating package script '/home/cc/ee106a/fa25/class/ee106a-abw/ros_workspaces/lab1/install/my_chatter_msgs/share/my_chatter_msgs/package.sh'
[1.136s] INFO:colcon.colcon_core.shell:Creating package script '/home/cc/ee106a/fa25/class/ee106a-abw/ros_workspaces/lab1/install/my_chatter_msgs/share/my_chatter_msgs/package.bash'
[1.138s] INFO:colcon.colcon_core.shell:Creating package script '/home/cc/ee106a/fa25/class/ee106a-abw/ros_workspaces/lab1/install/my_chatter_msgs/share/my_chatter_msgs/package.zsh'
[1.140s] Level 1:colcon.colcon_core.environment:create_file_with_runtime_dependencies(/home/cc/ee106a/fa25/class/ee106a-abw/ros_workspaces/lab1/install/my_chatter_msgs/share/colcon-core/packages/my_chatter_msgs)
[1.144s] Level 1:colcon.colcon_core.environment:create_environment_scripts_only(my_chatter_msgs)
[1.144s] Level 1:colcon.colcon_core.environment:checking '/home/cc/ee106a/fa25/class/ee106a-abw/ros_workspaces/lab1/install/my_chatter_msgs' for CMake module files
[1.145s] Level 1:colcon.colcon_core.environment:checking '/home/cc/ee106a/fa25/class/ee106a-abw/ros_workspaces/lab1/install/my_chatter_msgs' for CMake config files
[1.148s] Level 1:colcon.colcon_core.shell:create_environment_hook('my_chatter_msgs', 'cmake_prefix_path')
[1.148s] INFO:colcon.colcon_core.shell:Creating environment hook '/home/cc/ee106a/fa25/class/ee106a-abw/ros_workspaces/lab1/install/my_chatter_msgs/share/my_chatter_msgs/hook/cmake_prefix_path.ps1'
[1.150s] INFO:colcon.colcon_core.shell:Creating environment descriptor '/home/cc/ee106a/fa25/class/ee106a-abw/ros_workspaces/lab1/install/my_chatter_msgs/share/my_chatter_msgs/hook/cmake_prefix_path.dsv'
[1.152s] INFO:colcon.colcon_core.shell:Creating environment hook '/home/cc/ee106a/fa25/class/ee106a-abw/ros_workspaces/lab1/install/my_chatter_msgs/share/my_chatter_msgs/hook/cmake_prefix_path.sh'
[1.154s] Level 1:colcon.colcon_core.environment:checking '/home/cc/ee106a/fa25/class/ee106a-abw/ros_workspaces/lab1/install/my_chatter_msgs/lib'
[1.155s] Level 1:colcon.colcon_core.shell:create_environment_hook('my_chatter_msgs', 'ld_library_path_lib')
[1.155s] INFO:colcon.colcon_core.shell:Creating environment hook '/home/cc/ee106a/fa25/class/ee106a-abw/ros_workspaces/lab1/install/my_chatter_msgs/share/my_chatter_msgs/hook/ld_library_path_lib.ps1'
[1.158s] INFO:colcon.colcon_core.shell:Creating environment descriptor '/home/cc/ee106a/fa25/class/ee106a-abw/ros_workspaces/lab1/install/my_chatter_msgs/share/my_chatter_msgs/hook/ld_library_path_lib.dsv'
[1.160s] INFO:colcon.colcon_core.shell:Creating environment hook '/home/cc/ee106a/fa25/class/ee106a-abw/ros_workspaces/lab1/install/my_chatter_msgs/share/my_chatter_msgs/hook/ld_library_path_lib.sh'
[1.162s] Level 1:colcon.colcon_core.environment:checking '/home/cc/ee106a/fa25/class/ee106a-abw/ros_workspaces/lab1/install/my_chatter_msgs/bin'
[1.162s] Level 1:colcon.colcon_core.environment:checking '/home/cc/ee106a/fa25/class/ee106a-abw/ros_workspaces/lab1/install/my_chatter_msgs/lib/pkgconfig/my_chatter_msgs.pc'
[1.162s] Level 1:colcon.colcon_core.environment:checking '/home/cc/ee106a/fa25/class/ee106a-abw/ros_workspaces/lab1/install/my_chatter_msgs/lib/python3.10/site-packages'
[1.162s] Level 1:colcon.colcon_core.environment:checking '/home/cc/ee106a/fa25/class/ee106a-abw/ros_workspaces/lab1/install/my_chatter_msgs/bin'
[1.163s] INFO:colcon.colcon_core.shell:Creating package script '/home/cc/ee106a/fa25/class/ee106a-abw/ros_workspaces/lab1/install/my_chatter_msgs/share/my_chatter_msgs/package.ps1'
[1.166s] INFO:colcon.colcon_core.shell:Creating package descriptor '/home/cc/ee106a/fa25/class/ee106a-abw/ros_workspaces/lab1/install/my_chatter_msgs/share/my_chatter_msgs/package.dsv'
[1.168s] INFO:colcon.colcon_core.shell:Creating package script '/home/cc/ee106a/fa25/class/ee106a-abw/ros_workspaces/lab1/install/my_chatter_msgs/share/my_chatter_msgs/package.sh'
[1.171s] INFO:colcon.colcon_core.shell:Creating package script '/home/cc/ee106a/fa25/class/ee106a-abw/ros_workspaces/lab1/install/my_chatter_msgs/share/my_chatter_msgs/package.bash'
[1.173s] INFO:colcon.colcon_core.shell:Creating package script '/home/cc/ee106a/fa25/class/ee106a-abw/ros_workspaces/lab1/install/my_chatter_msgs/share/my_chatter_msgs/package.zsh'
[1.175s] Level 1:colcon.colcon_core.environment:create_file_with_runtime_dependencies(/home/cc/ee106a/fa25/class/ee106a-abw/ros_workspaces/lab1/install/my_chatter_msgs/share/colcon-core/packages/my_chatter_msgs)
[1.177s] INFO:colcon.colcon_ros.task.ament_python.build:Building ROS package in '/home/cc/ee106a/fa25/class/ee106a-abw/ros_workspaces/lab1/src/my_chatter' with build type 'ament_python'
[1.177s] Level 1:colcon.colcon_core.shell:create_environment_hook('my_chatter', 'ament_prefix_path')
[1.178s] INFO:colcon.colcon_core.shell:Creating environment hook '/home/cc/ee106a/fa25/class/ee106a-abw/ros_workspaces/lab1/install/my_chatter/share/my_chatter/hook/ament_prefix_path.ps1'
[1.181s] INFO:colcon.colcon_core.shell:Creating environment descriptor '/home/cc/ee106a/fa25/class/ee106a-abw/ros_workspaces/lab1/install/my_chatter/share/my_chatter/hook/ament_prefix_path.dsv'
[1.183s] INFO:colcon.colcon_core.shell:Creating environment hook '/home/cc/ee106a/fa25/class/ee106a-abw/ros_workspaces/lab1/install/my_chatter/share/my_chatter/hook/ament_prefix_path.sh'
[1.185s] INFO:colcon.colcon_core.shell:Skip shell extension 'powershell' for command environment: Not usable outside of PowerShell
[1.186s] DEBUG:colcon.colcon_core.shell:Skip shell extension 'dsv' for command environment
[1.431s] INFO:colcon.colcon_core.task.python.build:Building Python package in '/home/cc/ee106a/fa25/class/ee106a-abw/ros_workspaces/lab1/src/my_chatter'
[1.431s] INFO:colcon.colcon_core.shell:Skip shell extension 'powershell' for command environment: Not usable outside of PowerShell
[1.432s] DEBUG:colcon.colcon_core.shell:Skip shell extension 'dsv' for command environment
[1.442s] Level 1:colcon.colcon_core.environment:checking '/home/cc/ee106a/fa25/class/ee106a-abw/ros_workspaces/lab1/install/chatter' for CMake module files
[1.442s] DEBUG:colcon.colcon_core.event_handler.log_command:Invoked command in '/home/cc/ee106a/fa25/class/ee106a-abw/ros_workspaces/lab1/src/chatter' returned '0': PS1=\h [\!] \w # PYTHONPATH=/home/cc/ee106a/fa25/class/ee106a-abw/ros_workspaces/lab1/build/chatter/prefix_override:/usr/lib/python3/dist-packages/colcon_core/task/python/colcon_distutils_commands:/home/cc/ee106a/fa25/class/ee106a-abw/ros_workspaces/lab1/install/chatter/lib/python3.10/site-packages:${PYTHONPATH} /usr/bin/python3 -W ignore:setup.py install is deprecated -W ignore:easy_install command is deprecated setup.py egg_info --egg-base ../../build/chatter build --build-base /home/cc/ee106a/fa25/class/ee106a-abw/ros_workspaces/lab1/build/chatter/build install --record /home/cc/ee106a/fa25/class/ee106a-abw/ros_workspaces/lab1/build/chatter/install.log --single-version-externally-managed install_data
[1.443s] Level 1:colcon.colcon_core.environment:checking '/home/cc/ee106a/fa25/class/ee106a-abw/ros_workspaces/lab1/install/chatter' for CMake config files
[1.448s] Level 1:colcon.colcon_core.environment:checking '/home/cc/ee106a/fa25/class/ee106a-abw/ros_workspaces/lab1/install/chatter/lib'
[1.448s] Level 1:colcon.colcon_core.environment:checking '/home/cc/ee106a/fa25/class/ee106a-abw/ros_workspaces/lab1/install/chatter/bin'
[1.449s] Level 1:colcon.colcon_core.environment:checking '/home/cc/ee106a/fa25/class/ee106a-abw/ros_workspaces/lab1/install/chatter/lib/pkgconfig/chatter.pc'
[1.449s] Level 1:colcon.colcon_core.environment:checking '/home/cc/ee106a/fa25/class/ee106a-abw/ros_workspaces/lab1/install/chatter/lib/python3.10/site-packages'
[1.450s] Level 1:colcon.colcon_core.shell:create_environment_hook('chatter', 'pythonpath')
[1.450s] INFO:colcon.colcon_core.shell:Creating environment hook '/home/cc/ee106a/fa25/class/ee106a-abw/ros_workspaces/lab1/install/chatter/share/chatter/hook/pythonpath.ps1'
[1.453s] INFO:colcon.colcon_core.shell:Creating environment descriptor '/home/cc/ee106a/fa25/class/ee106a-abw/ros_workspaces/lab1/install/chatter/share/chatter/hook/pythonpath.dsv'
[1.456s] INFO:colcon.colcon_core.shell:Creating environment hook '/home/cc/ee106a/fa25/class/ee106a-abw/ros_workspaces/lab1/install/chatter/share/chatter/hook/pythonpath.sh'
[1.458s] Level 1:colcon.colcon_core.environment:checking '/home/cc/ee106a/fa25/class/ee106a-abw/ros_workspaces/lab1/install/chatter/bin'
[1.459s] Level 1:colcon.colcon_core.environment:create_environment_scripts_only(chatter)
[1.460s] INFO:colcon.colcon_core.shell:Creating package script '/home/cc/ee106a/fa25/class/ee106a-abw/ros_workspaces/lab1/install/chatter/share/chatter/package.ps1'
[1.463s] INFO:colcon.colcon_core.shell:Creating package descriptor '/home/cc/ee106a/fa25/class/ee106a-abw/ros_workspaces/lab1/install/chatter/share/chatter/package.dsv'
[1.467s] INFO:colcon.colcon_core.shell:Creating package script '/home/cc/ee106a/fa25/class/ee106a-abw/ros_workspaces/lab1/install/chatter/share/chatter/package.sh'
[1.469s] INFO:colcon.colcon_core.shell:Creating package script '/home/cc/ee106a/fa25/class/ee106a-abw/ros_workspaces/lab1/install/chatter/share/chatter/package.bash'
[1.472s] INFO:colcon.colcon_core.shell:Creating package script '/home/cc/ee106a/fa25/class/ee106a-abw/ros_workspaces/lab1/install/chatter/share/chatter/package.zsh'
[1.474s] Level 1:colcon.colcon_core.environment:create_file_with_runtime_dependencies(/home/cc/ee106a/fa25/class/ee106a-abw/ros_workspaces/lab1/install/chatter/share/colcon-core/packages/chatter)
[1.791s] DEBUG:colcon.colcon_core.event_handler.log_command:Invoking command in '/home/cc/ee106a/fa25/class/ee106a-abw/ros_workspaces/lab1/src/my_chatter': PS1=\h [\!] \w # PYTHONPATH=/home/cc/ee106a/fa25/class/ee106a-abw/ros_workspaces/lab1/build/my_chatter/prefix_override:/usr/lib/python3/dist-packages/colcon_core/task/python/colcon_distutils_commands:/home/cc/ee106a/fa25/class/ee106a-abw/ros_workspaces/lab1/install/my_chatter/lib/python3.10/site-packages:${PYTHONPATH} /usr/bin/python3 -W ignore:setup.py install is deprecated -W ignore:easy_install command is deprecated setup.py egg_info --egg-base ../../build/my_chatter build --build-base /home/cc/ee106a/fa25/class/ee106a-abw/ros_workspaces/lab1/build/my_chatter/build install --record /home/cc/ee106a/fa25/class/ee106a-abw/ros_workspaces/lab1/build/my_chatter/install.log --single-version-externally-managed install_data
[2.105s] Level 1:colcon.colcon_core.environment:checking '/home/cc/ee106a/fa25/class/ee106a-abw/ros_workspaces/lab1/install/my_chatter' for CMake module files
[2.106s] DEBUG:colcon.colcon_core.event_handler.log_command:Invoked command in '/home/cc/ee106a/fa25/class/ee106a-abw/ros_workspaces/lab1/src/my_chatter' returned '0': PS1=\h [\!] \w # PYTHONPATH=/home/cc/ee106a/fa25/class/ee106a-abw/ros_workspaces/lab1/build/my_chatter/prefix_override:/usr/lib/python3/dist-packages/colcon_core/task/python/colcon_distutils_commands:/home/cc/ee106a/fa25/class/ee106a-abw/ros_workspaces/lab1/install/my_chatter/lib/python3.10/site-packages:${PYTHONPATH} /usr/bin/python3 -W ignore:setup.py install is deprecated -W ignore:easy_install command is deprecated setup.py egg_info --egg-base ../../build/my_chatter build --build-base /home/cc/ee106a/fa25/class/ee106a-abw/ros_workspaces/lab1/build/my_chatter/build install --record /home/cc/ee106a/fa25/class/ee106a-abw/ros_workspaces/lab1/build/my_chatter/install.log --single-version-externally-managed install_data
[2.107s] Level 1:colcon.colcon_core.environment:checking '/home/cc/ee106a/fa25/class/ee106a-abw/ros_workspaces/lab1/install/my_chatter' for CMake config files
[2.110s] Level 1:colcon.colcon_core.shell:create_environment_hook('my_chatter', 'cmake_prefix_path')
[2.110s] INFO:colcon.colcon_core.shell:Creating environment hook '/home/cc/ee106a/fa25/class/ee106a-abw/ros_workspaces/lab1/install/my_chatter/share/my_chatter/hook/cmake_prefix_path.ps1'
[2.113s] INFO:colcon.colcon_core.shell:Creating environment descriptor '/home/cc/ee106a/fa25/class/ee106a-abw/ros_workspaces/lab1/install/my_chatter/share/my_chatter/hook/cmake_prefix_path.dsv'
[2.115s] INFO:colcon.colcon_core.shell:Creating environment hook '/home/cc/ee106a/fa25/class/ee106a-abw/ros_workspaces/lab1/install/my_chatter/share/my_chatter/hook/cmake_prefix_path.sh'
[2.118s] Level 1:colcon.colcon_core.environment:checking '/home/cc/ee106a/fa25/class/ee106a-abw/ros_workspaces/lab1/install/my_chatter/lib'
[2.118s] Level 1:colcon.colcon_core.environment:checking '/home/cc/ee106a/fa25/class/ee106a-abw/ros_workspaces/lab1/install/my_chatter/bin'
[2.119s] Level 1:colcon.colcon_core.environment:checking '/home/cc/ee106a/fa25/class/ee106a-abw/ros_workspaces/lab1/install/my_chatter/lib/pkgconfig/my_chatter.pc'
[2.119s] Level 1:colcon.colcon_core.environment:checking '/home/cc/ee106a/fa25/class/ee106a-abw/ros_workspaces/lab1/install/my_chatter/lib/python3.10/site-packages'
[2.119s] Level 1:colcon.colcon_core.shell:create_environment_hook('my_chatter', 'pythonpath')
[2.119s] INFO:colcon.colcon_core.shell:Creating environment hook '/home/cc/ee106a/fa25/class/ee106a-abw/ros_workspaces/lab1/install/my_chatter/share/my_chatter/hook/pythonpath.ps1'
[2.122s] INFO:colcon.colcon_core.shell:Creating environment descriptor '/home/cc/ee106a/fa25/class/ee106a-abw/ros_workspaces/lab1/install/my_chatter/share/my_chatter/hook/pythonpath.dsv'
[2.124s] INFO:colcon.colcon_core.shell:Creating environment hook '/home/cc/ee106a/fa25/class/ee106a-abw/ros_workspaces/lab1/install/my_chatter/share/my_chatter/hook/pythonpath.sh'
[2.127s] Level 1:colcon.colcon_core.environment:checking '/home/cc/ee106a/fa25/class/ee106a-abw/ros_workspaces/lab1/install/my_chatter/bin'
[2.127s] Level 1:colcon.colcon_core.environment:create_environment_scripts_only(my_chatter)
[2.128s] INFO:colcon.colcon_core.shell:Creating package script '/home/cc/ee106a/fa25/class/ee106a-abw/ros_workspaces/lab1/install/my_chatter/share/my_chatter/package.ps1'
[2.132s] INFO:colcon.colcon_core.shell:Creating package descriptor '/home/cc/ee106a/fa25/class/ee106a-abw/ros_workspaces/lab1/install/my_chatter/share/my_chatter/package.dsv'
[2.134s] INFO:colcon.colcon_core.shell:Creating package script '/home/cc/ee106a/fa25/class/ee106a-abw/ros_workspaces/lab1/install/my_chatter/share/my_chatter/package.sh'
[2.137s] INFO:colcon.colcon_core.shell:Creating package script '/home/cc/ee106a/fa25/class/ee106a-abw/ros_workspaces/lab1/install/my_chatter/share/my_chatter/package.bash'
[2.140s] INFO:colcon.colcon_core.shell:Creating package script '/home/cc/ee106a/fa25/class/ee106a-abw/ros_workspaces/lab1/install/my_chatter/share/my_chatter/package.zsh'
[2.143s] Level 1:colcon.colcon_core.environment:create_file_with_runtime_dependencies(/home/cc/ee106a/fa25/class/ee106a-abw/ros_workspaces/lab1/install/my_chatter/share/colcon-core/packages/my_chatter)
[2.145s] DEBUG:colcon.colcon_parallel_executor.executor.parallel:closing loop
[2.145s] DEBUG:colcon.colcon_parallel_executor.executor.parallel:loop closed
[2.146s] DEBUG:colcon.colcon_parallel_executor.executor.parallel:run_until_complete finished with '0'
[2.146s] DEBUG:colcon.colcon_core.event_reactor:joining thread
[2.165s] INFO:colcon.colcon_core.plugin_system:Skipping extension 'colcon_notification.desktop_notification.notify_send': Could not find 'notify-send'
[2.165s] INFO:colcon.colcon_core.plugin_system:Skipping extension 'colcon_notification.desktop_notification.terminal_notifier': Not used on non-Darwin systems
[2.166s] INFO:colcon.colcon_core.plugin_system:Skipping extension 'colcon_notification.desktop_notification.win32': Not used on non-Windows systems
[2.166s] INFO:colcon.colcon_notification.desktop_notification:Sending desktop notification using 'notify2'
[2.185s] DEBUG:colcon.colcon_core.event_reactor:joined thread
[2.186s] INFO:colcon.colcon_core.shell:Creating prefix script '/home/cc/ee106a/fa25/class/ee106a-abw/ros_workspaces/lab1/install/local_setup.ps1'
[2.190s] INFO:colcon.colcon_core.shell:Creating prefix util module '/home/cc/ee106a/fa25/class/ee106a-abw/ros_workspaces/lab1/install/_local_setup_util_ps1.py'
[2.195s] INFO:colcon.colcon_core.shell:Creating prefix chain script '/home/cc/ee106a/fa25/class/ee106a-abw/ros_workspaces/lab1/install/setup.ps1'
[2.204s] INFO:colcon.colcon_core.shell:Creating prefix script '/home/cc/ee106a/fa25/class/ee106a-abw/ros_workspaces/lab1/install/local_setup.sh'
[2.208s] INFO:colcon.colcon_core.shell:Creating prefix util module '/home/cc/ee106a/fa25/class/ee106a-abw/ros_workspaces/lab1/install/_local_setup_util_sh.py'
[2.211s] INFO:colcon.colcon_core.shell:Creating prefix chain script '/home/cc/ee106a/fa25/class/ee106a-abw/ros_workspaces/lab1/install/setup.sh'
[2.220s] INFO:colcon.colcon_core.shell:Creating prefix script '/home/cc/ee106a/fa25/class/ee106a-abw/ros_workspaces/lab1/install/local_setup.bash'
[2.223s] INFO:colcon.colcon_core.shell:Creating prefix chain script '/home/cc/ee106a/fa25/class/ee106a-abw/ros_workspaces/lab1/install/setup.bash'
[2.231s] INFO:colcon.colcon_core.shell:Creating prefix script '/home/cc/ee106a/fa25/class/ee106a-abw/ros_workspaces/lab1/install/local_setup.zsh'
[2.235s] INFO:colcon.colcon_core.shell:Creating prefix chain script '/home/cc/ee106a/fa25/class/ee106a-abw/ros_workspaces/lab1/install/setup.zsh'
