running egg_info
writing ../../build/my_chatter/my_chatter.egg-info/PKG-INFO
writing dependency_links to ../../build/my_chatter/my_chatter.egg-info/dependency_links.txt
writing entry points to ../../build/my_chatter/my_chatter.egg-info/entry_points.txt
writing requirements to ../../build/my_chatter/my_chatter.egg-info/requires.txt
writing top-level names to ../../build/my_chatter/my_chatter.egg-info/top_level.txt
reading manifest file '../../build/my_chatter/my_chatter.egg-info/SOURCES.txt'
writing manifest file '../../build/my_chatter/my_chatter.egg-info/SOURCES.txt'
running build
running build_py
running install
running install_lib
running install_data
running install_egg_info
removing '/home/cc/ee106a/fa25/class/ee106a-abw/ros_workspaces/lab1/install/my_chatter/lib/python3.10/site-packages/my_chatter-0.0.0-py3.10.egg-info' (and everything under it)
Copying ../../build/my_chatter/my_chatter.egg-info to /home/cc/ee106a/fa25/class/ee106a-abw/ros_workspaces/lab1/install/my_chatter/lib/python3.10/site-packages/my_chatter-0.0.0-py3.10.egg-info
running install_scripts
Installing listener script to /home/cc/ee106a/fa25/class/ee106a-abw/ros_workspaces/lab1/install/my_chatter/lib/my_chatter
Installing talker script to /home/cc/ee106a/fa25/class/ee106a-abw/ros_workspaces/lab1/install/my_chatter/lib/my_chatter
writing list of installed files to '/home/cc/ee106a/fa25/class/ee106a-abw/ros_workspaces/lab1/build/my_chatter/install.log'
