[0.618s] Invoking command in '/home/cc/ee106a/fa25/class/ee106a-abw/ros_workspaces/lab1/src/my_chatter': CMAKE_PREFIX_PATH=/home/cc/ee106a/fa25/class/ee106a-abw/ros_workspaces/lab1/install/my_chatter_msgs:/home/cc/ee106a/fa25/class/ee106a-abw/ros_workspaces/lab1/install/my_chatter:/opt/ros/turtlebot3_ws/install/turtlebot3:/opt/ros/turtlebot3_ws/install/turtlebot3_bringup:/opt/ros/turtlebot3_ws/install/turtlebot3_node:/opt/ros/turtlebot3_ws/install/turtlebot3_navigation2:/opt/ros/turtlebot3_ws/install/turtlebot3_msgs:/opt/ros/turtlebot3_ws/install/turtlebot3_description:/opt/ros/turtlebot3_ws/install/turtlebot3_cartographer:/opt/ros/turtlebot3_ws/install/dynamixel_sdk_examples:/opt/ros/turtlebot3_ws/install/dynamixel_sdk_custom_interfaces:/opt/ros/turtlebot3_ws/install/dynamixel_sdk PS1=\h [\!] \w # PYTHONPATH=/home/cc/ee106a/fa25/class/ee106a-abw/ros_workspaces/lab1/build/my_chatter/prefix_override:/usr/lib/python3/dist-packages/colcon_core/task/python/colcon_distutils_commands:/home/cc/ee106a/fa25/class/ee106a-abw/ros_workspaces/lab1/install/my_chatter/lib/python3.10/site-packages:${PYTHONPATH} /usr/bin/python3 -W ignore:setup.py install is deprecated -W ignore:easy_install command is deprecated setup.py egg_info --egg-base ../../build/my_chatter build --build-base /home/cc/ee106a/fa25/class/ee106a-abw/ros_workspaces/lab1/build/my_chatter/build install --record /home/cc/ee106a/fa25/class/ee106a-abw/ros_workspaces/lab1/build/my_chatter/install.log --single-version-externally-managed install_data
[0.795s] running egg_info
[0.796s] writing ../../build/my_chatter/my_chatter.egg-info/PKG-INFO
[0.799s] writing dependency_links to ../../build/my_chatter/my_chatter.egg-info/dependency_links.txt
[0.802s] writing entry points to ../../build/my_chatter/my_chatter.egg-info/entry_points.txt
[0.804s] writing requirements to ../../build/my_chatter/my_chatter.egg-info/requires.txt
[0.807s] writing top-level names to ../../build/my_chatter/my_chatter.egg-info/top_level.txt
[0.815s] reading manifest file '../../build/my_chatter/my_chatter.egg-info/SOURCES.txt'
[0.817s] writing manifest file '../../build/my_chatter/my_chatter.egg-info/SOURCES.txt'
[0.819s] running build
[0.820s] running build_py
[0.822s] copying my_chatter/subscriber.py -> /home/cc/ee106a/fa25/class/ee106a-abw/ros_workspaces/lab1/build/my_chatter/build/lib/my_chatter
[0.825s] running install
[0.826s] running install_lib
[0.829s] copying /home/cc/ee106a/fa25/class/ee106a-abw/ros_workspaces/lab1/build/my_chatter/build/lib/my_chatter/subscriber.py -> /home/cc/ee106a/fa25/class/ee106a-abw/ros_workspaces/lab1/install/my_chatter/lib/python3.10/site-packages/my_chatter
[0.835s] byte-compiling /home/cc/ee106a/fa25/class/ee106a-abw/ros_workspaces/lab1/install/my_chatter/lib/python3.10/site-packages/my_chatter/subscriber.py to subscriber.cpython-310.pyc
[0.840s] running install_data
[0.842s] running install_egg_info
[0.845s] removing '/home/cc/ee106a/fa25/class/ee106a-abw/ros_workspaces/lab1/install/my_chatter/lib/python3.10/site-packages/my_chatter-0.0.0-py3.10.egg-info' (and everything under it)
[0.850s] Copying ../../build/my_chatter/my_chatter.egg-info to /home/cc/ee106a/fa25/class/ee106a-abw/ros_workspaces/lab1/install/my_chatter/lib/python3.10/site-packages/my_chatter-0.0.0-py3.10.egg-info
[0.877s] running install_scripts
[0.907s] Installing listener script to /home/cc/ee106a/fa25/class/ee106a-abw/ros_workspaces/lab1/install/my_chatter/lib/my_chatter
[0.909s] Installing talker script to /home/cc/ee106a/fa25/class/ee106a-abw/ros_workspaces/lab1/install/my_chatter/lib/my_chatter
[0.912s] writing list of installed files to '/home/cc/ee106a/fa25/class/ee106a-abw/ros_workspaces/lab1/build/my_chatter/install.log'
[0.927s] Invoked command in '/home/cc/ee106a/fa25/class/ee106a-abw/ros_workspaces/lab1/src/my_chatter' returned '0': CMAKE_PREFIX_PATH=/home/cc/ee106a/fa25/class/ee106a-abw/ros_workspaces/lab1/install/my_chatter_msgs:/home/cc/ee106a/fa25/class/ee106a-abw/ros_workspaces/lab1/install/my_chatter:/opt/ros/turtlebot3_ws/install/turtlebot3:/opt/ros/turtlebot3_ws/install/turtlebot3_bringup:/opt/ros/turtlebot3_ws/install/turtlebot3_node:/opt/ros/turtlebot3_ws/install/turtlebot3_navigation2:/opt/ros/turtlebot3_ws/install/turtlebot3_msgs:/opt/ros/turtlebot3_ws/install/turtlebot3_description:/opt/ros/turtlebot3_ws/install/turtlebot3_cartographer:/opt/ros/turtlebot3_ws/install/dynamixel_sdk_examples:/opt/ros/turtlebot3_ws/install/dynamixel_sdk_custom_interfaces:/opt/ros/turtlebot3_ws/install/dynamixel_sdk PS1=\h [\!] \w # PYTHONPATH=/home/cc/ee106a/fa25/class/ee106a-abw/ros_workspaces/lab1/build/my_chatter/prefix_override:/usr/lib/python3/dist-packages/colcon_core/task/python/colcon_distutils_commands:/home/cc/ee106a/fa25/class/ee106a-abw/ros_workspaces/lab1/install/my_chatter/lib/python3.10/site-packages:${PYTHONPATH} /usr/bin/python3 -W ignore:setup.py install is deprecated -W ignore:easy_install command is deprecated setup.py egg_info --egg-base ../../build/my_chatter build --build-base /home/cc/ee106a/fa25/class/ee106a-abw/ros_workspaces/lab1/build/my_chatter/build install --record /home/cc/ee106a/fa25/class/ee106a-abw/ros_workspaces/lab1/build/my_chatter/install.log --single-version-externally-managed install_data
