[0.848s] Invoking command in '/home/cc/ee106a/fa25/class/ee106a-abw/ros_workspaces/lab0/src/bar': PS1=\h [\!] \w # PYTHONPATH=/home/cc/ee106a/fa25/class/ee106a-abw/ros_workspaces/lab0/build/bar/prefix_override:/usr/lib/python3/dist-packages/colcon_core/task/python/colcon_distutils_commands:/home/cc/ee106a/fa25/class/ee106a-abw/ros_workspaces/lab0/install/bar/lib/python3.10/site-packages:${PYTHONPATH} /usr/bin/python3 -W ignore:setup.py install is deprecated -W ignore:easy_install command is deprecated setup.py egg_info --egg-base ../../build/bar build --build-base /home/cc/ee106a/fa25/class/ee106a-abw/ros_workspaces/lab0/build/bar/build install --record /home/cc/ee106a/fa25/class/ee106a-abw/ros_workspaces/lab0/build/bar/install.log --single-version-externally-managed install_data
[1.060s] running egg_info
[1.061s] writing ../../build/bar/bar.egg-info/PKG-INFO
[1.066s] writing dependency_links to ../../build/bar/bar.egg-info/dependency_links.txt
[1.069s] writing entry points to ../../build/bar/bar.egg-info/entry_points.txt
[1.071s] writing requirements to ../../build/bar/bar.egg-info/requires.txt
[1.075s] writing top-level names to ../../build/bar/bar.egg-info/top_level.txt
[1.082s] reading manifest file '../../build/bar/bar.egg-info/SOURCES.txt'
[1.087s] writing manifest file '../../build/bar/bar.egg-info/SOURCES.txt'
[1.089s] running build
[1.089s] running build_py
[1.091s] running install
[1.092s] running install_lib
[1.098s] running install_data
[1.099s] running install_egg_info
[1.103s] removing '/home/cc/ee106a/fa25/class/ee106a-abw/ros_workspaces/lab0/install/bar/lib/python3.10/site-packages/bar-0.0.0-py3.10.egg-info' (and everything under it)
[1.112s] Copying ../../build/bar/bar.egg-info to /home/cc/ee106a/fa25/class/ee106a-abw/ros_workspaces/lab0/install/bar/lib/python3.10/site-packages/bar-0.0.0-py3.10.egg-info
[1.156s] running install_scripts
[1.188s] writing list of installed files to '/home/cc/ee106a/fa25/class/ee106a-abw/ros_workspaces/lab0/build/bar/install.log'
[1.258s] Invoked command in '/home/cc/ee106a/fa25/class/ee106a-abw/ros_workspaces/lab0/src/bar' returned '0': PS1=\h [\!] \w # PYTHONPATH=/home/cc/ee106a/fa25/class/ee106a-abw/ros_workspaces/lab0/build/bar/prefix_override:/usr/lib/python3/dist-packages/colcon_core/task/python/colcon_distutils_commands:/home/cc/ee106a/fa25/class/ee106a-abw/ros_workspaces/lab0/install/bar/lib/python3.10/site-packages:${PYTHONPATH} /usr/bin/python3 -W ignore:setup.py install is deprecated -W ignore:easy_install command is deprecated setup.py egg_info --egg-base ../../build/bar build --build-base /home/cc/ee106a/fa25/class/ee106a-abw/ros_workspaces/lab0/build/bar/build install --record /home/cc/ee106a/fa25/class/ee106a-abw/ros_workspaces/lab0/build/bar/install.log --single-version-externally-managed install_data
