[0.000000] (-) TimerEvent: {}
[0.000071] (chatter) JobQueued: {'identifier': 'chatter', 'dependencies': OrderedDict()}
[0.000088] (chatter) JobStarted: {'identifier': 'chatter'}
[0.099408] (-) TimerEvent: {}
[0.199561] (-) TimerEvent: {}
[0.299776] (-) TimerEvent: {}
[0.400101] (-) TimerEvent: {}
[0.500257] (-) TimerEvent: {}
[0.577259] (chatter) Command: {'cmd': ['/usr/bin/python3', '-W', 'ignore:setup.py install is deprecated', '-W', 'ignore:easy_install command is deprecated', 'setup.py', 'egg_info', '--egg-base', '../../build/chatter', 'build', '--build-base', '/home/cc/ee106a/fa25/class/ee106a-abw/ros_workspaces/lab1/build/chatter/build', 'install', '--record', '/home/cc/ee106a/fa25/class/ee106a-abw/ros_workspaces/lab1/build/chatter/install.log', '--single-version-externally-managed', 'install_data'], 'cwd': '/home/cc/ee106a/fa25/class/ee106a-abw/ros_workspaces/lab1/src/chatter', 'env': {'ARCH': 'x86_64', 'QT_SCALE_FACTOR': '1', 'USER': 'ee106a-abw', 'HOSTNAME': 'ros2', 'XDG_SESSION_TYPE': 'x11', 'MASTERDIR': '/home/ff/ee106a', 'COMPIZ_CONFIG_PROFILE': 'mate', 'XDG_CACHE_HOME': '/home/cc/ee106a/fa25/class/ee106a-abw/.cache', 'SHLVL': '2', 'LD_LIBRARY_PATH': '/opt/ros/turtlebot3_ws/install/turtlebot3_msgs/lib:/opt/ros/turtlebot3_ws/install/dynamixel_sdk_custom_interfaces/lib:/opt/ros/turtlebot3_ws/install/dynamixel_sdk/lib:/usr/lib/x86_64-linux-gnu/gazebo-11/plugins:/opt/ros/humble/opt/rviz_ogre_vendor/lib:/opt/ros/humble/lib/x86_64-linux-gnu:/opt/ros/humble/lib', 'HOME': '/home/cc/ee106a/fa25/class/ee106a-abw', 'OLDPWD': '/home/cc/ee106a/fa25/class/ee106a-abw/ros_workspaces', 'DESKTOP_SESSION': 'mate', 'ROS_PYTHON_VERSION': '3', 'GTK_MODULES': 'gail:atk-bridge:appmenu-gtk-module:gail:atk-bridge:canberra-gtk-module', 'PS1': '\\h [\\!] \\w #', 'DISTROBOX_ENTER_PATH': '/usr/local/bin/distrobox-enter', 'SYSTEMD_EXEC_PID': '141643', 'NNTPSERVER': 'news.csua.berkeley.edu', 'VISUAL': 'emacs', 'XDG_STATE_HOME': '/home/cc/ee106a/fa25/class/ee106a-abw/.local/state', 'DBUS_SESSION_BUS_ADDRESS': 'unix:path=/run/user/90048/bus', 'COLORTERM': 'truecolor', 'container': 'podman', 'UBUNTU_MENUPROXY': '1', 'QT_QPA_PLATFORMTHEME': 'gtk2', 'COLCON_PREFIX_PATH': '/opt/ros/turtlebot3_ws/install', 'ROS_DISTRO': 'humble', 'GTK_IM_MODULE': 'ibus', 'LOGNAME': 'ee106a-abw', 'MASTER': 'ee106a', 'WINDOWID': '35665564', '_': '/usr/bin/colcon', 'ROS_VERSION': '2', 'XDG_SESSION_CLASS': 'user', 'TERMINFO_DIRS': '/usr/share/terminfo:/run/host/usr/share/terminfo', 'USERNAME': 'ee106a-abw', 'TERM': 'xterm-256color', 'GTK_OVERLAY_SCROLLING': '0', 'XDG_SESSION_ID': '3230', 'ROS_LOCALHOST_ONLY': '0', 'WINDOWPATH': '2', 'PATH': '/opt/ros/humble/bin:/share/b/grading/bin:/home/ff/ee106a/bin:/home/ff/ee106a/bin/arch/x86_64:/share/b/grading/bin:/home/ff/ee106a/bin:/home/ff/ee106a/bin/arch/x86_64:/usr/local/sbin:/usr/local/bin:/usr/sbin:/usr/bin:/sbin:/bin:/usr/games:/usr/local/games:/snap/bin:/snap/bin:/share/b/grading/bin:/share/b/grading/sbin:/share/b/runas/x86_64:/share/b/bin:/usr/local/sbin:/usr/local/bin:/usr/sbin:/usr/bin:/sbin:/bin:/share/b/grading/bin:/share/b/grading/sbin:/share/b/runas/x86_64:/share/b/bin', 'SESSION_MANAGER': 'local/c105-1:@/tmp/.ICE-unix/141752,unix/c105-1:/tmp/.ICE-unix/141752', 'OS': 'Linux', 'XDG_RUNTIME_DIR': '/run/user/90048', 'DISPLAY': ':1', 'LANG': 'en_US.UTF-8', 'XDG_CURRENT_DESKTOP': 'MATE', 'XDG_DATA_HOME': '/home/cc/ee106a/fa25/class/ee106a-abw/.local/share', 'XDG_CONFIG_HOME': '/home/cc/ee106a/fa25/class/ee106a-abw/.config', 'XMODIFIERS': '@im=ibus', 'XDG_SESSION_DESKTOP': 'mate', 'XAUTHORITY': '/run/user/90048/gdm/Xauthority', 'SSH_AUTH_SOCK': '/run/user/90048/keyring/ssh', 'ROS_DOMAIN_ID': '21', 'AMENT_PREFIX_PATH': '/opt/ros/turtlebot3_ws/install/turtlebot3:/opt/ros/turtlebot3_ws/install/turtlebot3_teleop:/opt/ros/turtlebot3_ws/install/turtlebot3_bringup:/opt/ros/turtlebot3_ws/install/turtlebot3_node:/opt/ros/turtlebot3_ws/install/turtlebot3_navigation2:/opt/ros/turtlebot3_ws/install/turtlebot3_example:/opt/ros/turtlebot3_ws/install/turtlebot3_msgs:/opt/ros/turtlebot3_ws/install/turtlebot3_description:/opt/ros/turtlebot3_ws/install/turtlebot3_cartographer:/opt/ros/turtlebot3_ws/install/dynamixel_sdk_examples:/opt/ros/turtlebot3_ws/install/dynamixel_sdk_custom_interfaces:/opt/ros/turtlebot3_ws/install/dynamixel_sdk:/opt/ros/humble', 'SHELL': '/usr/bin/bash', 'QT_ACCESSIBILITY': '1', 'GDMSESSION': 'mate', 'RUNAS': '/share/b/runas/x86_64', 'GPG_AGENT_INFO': '/run/user/90048/gnupg/S.gpg-agent:0:1', 'CONFIG_SHELL': '/usr/bin/ksh', 'QT_IM_MODULE': 'ibus', 'PWD': '/home/cc/ee106a/fa25/class/ee106a-abw/ros_workspaces/lab1/build/chatter', 'EE106_ENV_SETUP': 'turtlebot_ros2', 'CONTAINER_ID': 'ros2', 'TURTLEBOT3_MODEL': 'burger', 'LC_ALL': 'C.UTF-8', 'XDG_CONFIG_DIRS': '/etc/xdg/xdg-mate:/etc/xdg', 'CLUTTER_IM_MODULE': 'ibus', 'XDG_DATA_DIRS': '/usr/share/mate:/usr/share/mate:/usr/share/gnome:/home/cc/ee106a/fa25/class/ee106a-abw/.local/share/flatpak/exports/share:/var/lib/flatpak/exports/share:/usr/local/share/:/usr/share/:/var/lib/snapd/desktop:/usr/local/share:/usr/share', 'PYTHONPATH': '/home/cc/ee106a/fa25/class/ee106a-abw/ros_workspaces/lab1/build/chatter/prefix_override:/usr/lib/python3/dist-packages/colcon_core/task/python/colcon_distutils_commands:/home/cc/ee106a/fa25/class/ee106a-abw/ros_workspaces/lab1/install/chatter/lib/python3.10/site-packages:/opt/ros/turtlebot3_ws/build/turtlebot3_teleop:/opt/ros/turtlebot3_ws/install/turtlebot3_teleop/lib/python3.10/site-packages:/opt/ros/turtlebot3_ws/build/turtlebot3_example:/opt/ros/turtlebot3_ws/install/turtlebot3_example/lib/python3.10/site-packages:/opt/ros/turtlebot3_ws/install/turtlebot3_msgs/local/lib/python3.10/dist-packages:/opt/ros/turtlebot3_ws/install/dynamixel_sdk_custom_interfaces/local/lib/python3.10/dist-packages:/opt/ros/turtlebot3_ws/install/dynamixel_sdk/local/lib/python3.10/dist-packages:/opt/ros/humble/lib/python3.10/site-packages:/opt/ros/humble/local/lib/python3.10/dist-packages', 'MATE_DESKTOP_SESSION_ID': 'this-is-deprecated', 'COLCON': '1', 'MANPATH': '/usr/local/man:/usr/man:/usr/X11/man:/usr/local/man:/share/b/grading/man:/usr/local/man:/usr/man:/usr/X11/man:/usr/local/man:/share/b/grading/man:', 'VTE_VERSION': '6800', 'EDITOR': 'emacs', 'CMAKE_PREFIX_PATH': '/opt/ros/turtlebot3_ws/install/turtlebot3:/opt/ros/turtlebot3_ws/install/turtlebot3_bringup:/opt/ros/turtlebot3_ws/install/turtlebot3_node:/opt/ros/turtlebot3_ws/install/turtlebot3_navigation2:/opt/ros/turtlebot3_ws/install/turtlebot3_msgs:/opt/ros/turtlebot3_ws/install/turtlebot3_description:/opt/ros/turtlebot3_ws/install/turtlebot3_cartographer:/opt/ros/turtlebot3_ws/install/dynamixel_sdk_examples:/opt/ros/turtlebot3_ws/install/dynamixel_sdk_custom_interfaces:/opt/ros/turtlebot3_ws/install/dynamixel_sdk', 'QT_FONT_DPI': '122'}, 'shell': False}
[0.600358] (-) TimerEvent: {}
[0.700636] (-) TimerEvent: {}
[0.761398] (chatter) StdoutLine: {'line': b'running egg_info\n'}
[0.761747] (chatter) StdoutLine: {'line': b'creating ../../build/chatter/chatter.egg-info\n'}
[0.763347] (chatter) StdoutLine: {'line': b'writing ../../build/chatter/chatter.egg-info/PKG-INFO\n'}
[0.767097] (chatter) StdoutLine: {'line': b'writing dependency_links to ../../build/chatter/chatter.egg-info/dependency_links.txt\n'}
[0.768682] (chatter) StdoutLine: {'line': b'writing entry points to ../../build/chatter/chatter.egg-info/entry_points.txt\n'}
[0.770127] (chatter) StdoutLine: {'line': b'writing requirements to ../../build/chatter/chatter.egg-info/requires.txt\n'}
[0.771282] (chatter) StdoutLine: {'line': b'writing top-level names to ../../build/chatter/chatter.egg-info/top_level.txt\n'}
[0.775776] (chatter) StdoutLine: {'line': b"writing manifest file '../../build/chatter/chatter.egg-info/SOURCES.txt'\n"}
[0.782604] (chatter) StdoutLine: {'line': b"reading manifest file '../../build/chatter/chatter.egg-info/SOURCES.txt'\n"}
[0.787795] (chatter) StdoutLine: {'line': b"writing manifest file '../../build/chatter/chatter.egg-info/SOURCES.txt'\n"}
[0.789076] (chatter) StdoutLine: {'line': b'running build\n'}
[0.789157] (chatter) StdoutLine: {'line': b'running build_py\n'}
[0.790114] (chatter) StdoutLine: {'line': b'creating /home/cc/ee106a/fa25/class/ee106a-abw/ros_workspaces/lab1/build/chatter/build\n'}
[0.790601] (chatter) StdoutLine: {'line': b'creating /home/cc/ee106a/fa25/class/ee106a-abw/ros_workspaces/lab1/build/chatter/build/lib\n'}
[0.791371] (chatter) StdoutLine: {'line': b'creating /home/cc/ee106a/fa25/class/ee106a-abw/ros_workspaces/lab1/build/chatter/build/lib/chatter\n'}
[0.792772] (chatter) StdoutLine: {'line': b'copying chatter/__init__.py -> /home/cc/ee106a/fa25/class/ee106a-abw/ros_workspaces/lab1/build/chatter/build/lib/chatter\n'}
[0.795412] (chatter) StdoutLine: {'line': b'copying chatter/publisher_member_function.py -> /home/cc/ee106a/fa25/class/ee106a-abw/ros_workspaces/lab1/build/chatter/build/lib/chatter\n'}
[0.800784] (chatter) StdoutLine: {'line': b'copying chatter/subscriber_member_function.py -> /home/cc/ee106a/fa25/class/ee106a-abw/ros_workspaces/lab1/build/chatter/build/lib/chatter\n'}
[0.800870] (-) TimerEvent: {}
[0.804043] (chatter) StdoutLine: {'line': b'running install\n'}
[0.804678] (chatter) StdoutLine: {'line': b'running install_lib\n'}
[0.810992] (chatter) StdoutLine: {'line': b'creating /home/cc/ee106a/fa25/class/ee106a-abw/ros_workspaces/lab1/install/chatter/lib/python3.10/site-packages/chatter\n'}
[0.812369] (chatter) StdoutLine: {'line': b'copying /home/cc/ee106a/fa25/class/ee106a-abw/ros_workspaces/lab1/build/chatter/build/lib/chatter/__init__.py -> /home/cc/ee106a/fa25/class/ee106a-abw/ros_workspaces/lab1/install/chatter/lib/python3.10/site-packages/chatter\n'}
[0.815270] (chatter) StdoutLine: {'line': b'copying /home/cc/ee106a/fa25/class/ee106a-abw/ros_workspaces/lab1/build/chatter/build/lib/chatter/publisher_member_function.py -> /home/cc/ee106a/fa25/class/ee106a-abw/ros_workspaces/lab1/install/chatter/lib/python3.10/site-packages/chatter\n'}
[0.818874] (chatter) StdoutLine: {'line': b'copying /home/cc/ee106a/fa25/class/ee106a-abw/ros_workspaces/lab1/build/chatter/build/lib/chatter/subscriber_member_function.py -> /home/cc/ee106a/fa25/class/ee106a-abw/ros_workspaces/lab1/install/chatter/lib/python3.10/site-packages/chatter\n'}
[0.826674] (chatter) StdoutLine: {'line': b'byte-compiling /home/cc/ee106a/fa25/class/ee106a-abw/ros_workspaces/lab1/install/chatter/lib/python3.10/site-packages/chatter/__init__.py to __init__.cpython-310.pyc\n'}
[0.830491] (chatter) StdoutLine: {'line': b'byte-compiling /home/cc/ee106a/fa25/class/ee106a-abw/ros_workspaces/lab1/install/chatter/lib/python3.10/site-packages/chatter/publisher_member_function.py to publisher_member_function.cpython-310.pyc\n'}
[0.837939] (chatter) StdoutLine: {'line': b'byte-compiling /home/cc/ee106a/fa25/class/ee106a-abw/ros_workspaces/lab1/install/chatter/lib/python3.10/site-packages/chatter/subscriber_member_function.py to subscriber_member_function.cpython-310.pyc\n'}
[0.842080] (chatter) StdoutLine: {'line': b'running install_data\n'}
[0.844567] (chatter) StdoutLine: {'line': b'creating /home/cc/ee106a/fa25/class/ee106a-abw/ros_workspaces/lab1/install/chatter/share/ament_index\n'}
[0.845566] (chatter) StdoutLine: {'line': b'creating /home/cc/ee106a/fa25/class/ee106a-abw/ros_workspaces/lab1/install/chatter/share/ament_index/resource_index\n'}
[0.846328] (chatter) StdoutLine: {'line': b'creating /home/cc/ee106a/fa25/class/ee106a-abw/ros_workspaces/lab1/install/chatter/share/ament_index/resource_index/packages\n'}
[0.847780] (chatter) StdoutLine: {'line': b'copying resource/chatter -> /home/cc/ee106a/fa25/class/ee106a-abw/ros_workspaces/lab1/install/chatter/share/ament_index/resource_index/packages\n'}
[0.850615] (chatter) StdoutLine: {'line': b'copying package.xml -> /home/cc/ee106a/fa25/class/ee106a-abw/ros_workspaces/lab1/install/chatter/share/chatter\n'}
[0.853036] (chatter) StdoutLine: {'line': b'running install_egg_info\n'}
[0.858558] (chatter) StdoutLine: {'line': b'Copying ../../build/chatter/chatter.egg-info to /home/cc/ee106a/fa25/class/ee106a-abw/ros_workspaces/lab1/install/chatter/lib/python3.10/site-packages/chatter-0.0.0-py3.10.egg-info\n'}
[0.894725] (chatter) StdoutLine: {'line': b'running install_scripts\n'}
[0.901073] (-) TimerEvent: {}
[0.927822] (chatter) StdoutLine: {'line': b'Installing listener script to /home/cc/ee106a/fa25/class/ee106a-abw/ros_workspaces/lab1/install/chatter/lib/chatter\n'}
[0.929921] (chatter) StdoutLine: {'line': b'Installing talker script to /home/cc/ee106a/fa25/class/ee106a-abw/ros_workspaces/lab1/install/chatter/lib/chatter\n'}
[0.932213] (chatter) StdoutLine: {'line': b"writing list of installed files to '/home/cc/ee106a/fa25/class/ee106a-abw/ros_workspaces/lab1/build/chatter/install.log'\n"}
[0.949175] (chatter) CommandEnded: {'returncode': 0}
[1.001255] (-) TimerEvent: {}
[1.007288] (chatter) JobEnded: {'identifier': 'chatter', 'rc': 0}
[1.013273] (-) EventReactorShutdown: {}
