[0.979s] Invoking command in '/home/cc/ee106a/fa25/class/ee106a-abw/ros_workspaces/lab0/src/bar': PS1=\h [\!] \w # PYTHONPATH=/home/cc/ee106a/fa25/class/ee106a-abw/ros_workspaces/lab0/build/bar/prefix_override:/usr/lib/python3/dist-packages/colcon_core/task/python/colcon_distutils_commands:/home/cc/ee106a/fa25/class/ee106a-abw/ros_workspaces/lab0/install/bar/lib/python3.10/site-packages:${PYTHONPATH} /usr/bin/python3 -W ignore:setup.py install is deprecated -W ignore:easy_install command is deprecated setup.py egg_info --egg-base ../../build/bar build --build-base /home/cc/ee106a/fa25/class/ee106a-abw/ros_workspaces/lab0/build/bar/build install --record /home/cc/ee106a/fa25/class/ee106a-abw/ros_workspaces/lab0/build/bar/install.log --single-version-externally-managed install_data
[1.159s] running egg_info
[1.159s] creating ../../build/bar/bar.egg-info
[1.160s] writing ../../build/bar/bar.egg-info/PKG-INFO
[1.165s] writing dependency_links to ../../build/bar/bar.egg-info/dependency_links.txt
[1.167s] writing entry points to ../../build/bar/bar.egg-info/entry_points.txt
[1.172s] writing requirements to ../../build/bar/bar.egg-info/requires.txt
[1.173s] writing top-level names to ../../build/bar/bar.egg-info/top_level.txt
[1.175s] writing manifest file '../../build/bar/bar.egg-info/SOURCES.txt'
[1.183s] reading manifest file '../../build/bar/bar.egg-info/SOURCES.txt'
[1.186s] writing manifest file '../../build/bar/bar.egg-info/SOURCES.txt'
[1.187s] running build
[1.187s] running build_py
[1.188s] creating /home/cc/ee106a/fa25/class/ee106a-abw/ros_workspaces/lab0/build/bar/build
[1.189s] creating /home/cc/ee106a/fa25/class/ee106a-abw/ros_workspaces/lab0/build/bar/build/lib
[1.190s] creating /home/cc/ee106a/fa25/class/ee106a-abw/ros_workspaces/lab0/build/bar/build/lib/bar
[1.194s] copying bar/__init__.py -> /home/cc/ee106a/fa25/class/ee106a-abw/ros_workspaces/lab0/build/bar/build/lib/bar
[1.197s] running install
[1.197s] running install_lib
[1.201s] creating /home/cc/ee106a/fa25/class/ee106a-abw/ros_workspaces/lab0/install/bar/lib/python3.10/site-packages/bar
[1.202s] copying /home/cc/ee106a/fa25/class/ee106a-abw/ros_workspaces/lab0/build/bar/build/lib/bar/__init__.py -> /home/cc/ee106a/fa25/class/ee106a-abw/ros_workspaces/lab0/install/bar/lib/python3.10/site-packages/bar
[1.211s] byte-compiling /home/cc/ee106a/fa25/class/ee106a-abw/ros_workspaces/lab0/install/bar/lib/python3.10/site-packages/bar/__init__.py to __init__.cpython-310.pyc
[1.218s] running install_data
[1.219s] creating /home/cc/ee106a/fa25/class/ee106a-abw/ros_workspaces/lab0/install/bar/share/ament_index
[1.219s] creating /home/cc/ee106a/fa25/class/ee106a-abw/ros_workspaces/lab0/install/bar/share/ament_index/resource_index
[1.220s] creating /home/cc/ee106a/fa25/class/ee106a-abw/ros_workspaces/lab0/install/bar/share/ament_index/resource_index/packages
[1.222s] copying resource/bar -> /home/cc/ee106a/fa25/class/ee106a-abw/ros_workspaces/lab0/install/bar/share/ament_index/resource_index/packages
[1.229s] copying package.xml -> /home/cc/ee106a/fa25/class/ee106a-abw/ros_workspaces/lab0/install/bar/share/bar
[1.233s] running install_egg_info
[1.238s] Copying ../../build/bar/bar.egg-info to /home/cc/ee106a/fa25/class/ee106a-abw/ros_workspaces/lab0/install/bar/lib/python3.10/site-packages/bar-0.0.0-py3.10.egg-info
[1.278s] running install_scripts
[1.298s] writing list of installed files to '/home/cc/ee106a/fa25/class/ee106a-abw/ros_workspaces/lab0/build/bar/install.log'
[1.359s] Invoked command in '/home/cc/ee106a/fa25/class/ee106a-abw/ros_workspaces/lab0/src/bar' returned '0': PS1=\h [\!] \w # PYTHONPATH=/home/cc/ee106a/fa25/class/ee106a-abw/ros_workspaces/lab0/build/bar/prefix_override:/usr/lib/python3/dist-packages/colcon_core/task/python/colcon_distutils_commands:/home/cc/ee106a/fa25/class/ee106a-abw/ros_workspaces/lab0/install/bar/lib/python3.10/site-packages:${PYTHONPATH} /usr/bin/python3 -W ignore:setup.py install is deprecated -W ignore:easy_install command is deprecated setup.py egg_info --egg-base ../../build/bar build --build-base /home/cc/ee106a/fa25/class/ee106a-abw/ros_workspaces/lab0/build/bar/build install --record /home/cc/ee106a/fa25/class/ee106a-abw/ros_workspaces/lab0/build/bar/install.log --single-version-externally-managed install_data
