[0.599s] Invoking command in '/home/cc/ee106a/fa25/class/ee106a-abw/ros_workspaces/lab1/src/chatter': PS1=\h [\!] \w # PYTHONPATH=/home/cc/ee106a/fa25/class/ee106a-abw/ros_workspaces/lab1/build/chatter/prefix_override:/usr/lib/python3/dist-packages/colcon_core/task/python/colcon_distutils_commands:/home/cc/ee106a/fa25/class/ee106a-abw/ros_workspaces/lab1/install/chatter/lib/python3.10/site-packages:${PYTHONPATH} /usr/bin/python3 -W ignore:setup.py install is deprecated -W ignore:easy_install command is deprecated setup.py egg_info --egg-base ../../build/chatter build --build-base /home/cc/ee106a/fa25/class/ee106a-abw/ros_workspaces/lab1/build/chatter/build install --record /home/cc/ee106a/fa25/class/ee106a-abw/ros_workspaces/lab1/build/chatter/install.log --single-version-externally-managed install_data
[0.792s] running egg_info
[0.793s] writing ../../build/chatter/chatter.egg-info/PKG-INFO
[0.796s] writing dependency_links to ../../build/chatter/chatter.egg-info/dependency_links.txt
[0.798s] writing entry points to ../../build/chatter/chatter.egg-info/entry_points.txt
[0.801s] writing requirements to ../../build/chatter/chatter.egg-info/requires.txt
[0.802s] writing top-level names to ../../build/chatter/chatter.egg-info/top_level.txt
[0.808s] reading manifest file '../../build/chatter/chatter.egg-info/SOURCES.txt'
[0.810s] writing manifest file '../../build/chatter/chatter.egg-info/SOURCES.txt'
[0.812s] running build
[0.812s] running build_py
[0.815s] running install
[0.815s] running install_lib
[0.820s] running install_data
[0.821s] running install_egg_info
[0.824s] removing '/home/cc/ee106a/fa25/class/ee106a-abw/ros_workspaces/lab1/install/chatter/lib/python3.10/site-packages/chatter-0.0.0-py3.10.egg-info' (and everything under it)
[0.830s] Copying ../../build/chatter/chatter.egg-info to /home/cc/ee106a/fa25/class/ee106a-abw/ros_workspaces/lab1/install/chatter/lib/python3.10/site-packages/chatter-0.0.0-py3.10.egg-info
[0.859s] running install_scripts
[0.901s] Installing listener script to /home/cc/ee106a/fa25/class/ee106a-abw/ros_workspaces/lab1/install/chatter/lib/chatter
[0.904s] Installing talker script to /home/cc/ee106a/fa25/class/ee106a-abw/ros_workspaces/lab1/install/chatter/lib/chatter
[0.908s] writing list of installed files to '/home/cc/ee106a/fa25/class/ee106a-abw/ros_workspaces/lab1/build/chatter/install.log'
